[ 2016-02-24T17:17:29+08:00 ] 127.0.0.1 /aladdin/Root/admin.php
INFO: [ app_init ] --START--
INFO: Run Behavior\BuildLiteBehavior [ RunTime:0.000015s ]
SQL: SHOW COLUMNS FROM `t_hooks` [ RunTime:0.0202s ]
SQL: SELECT `name`,`addons` FROM `t_hooks`  [ RunTime:0.0009s ]
SQL: SHOW COLUMNS FROM `t_addons` [ RunTime:0.0219s ]
SQL: SELECT `id`,`name` FROM `t_addons` WHERE `status` = 1 AND `name` IN ('ReturnTop')  [ RunTime:0.0002s ]
SQL: SELECT `id`,`name` FROM `t_addons` WHERE `status` = 1 AND `name` IN ('Attachment')  [ RunTime:0.0002s ]
SQL: SELECT `id`,`name` FROM `t_addons` WHERE `status` = 1 AND `name` IN ('Attachment','SocialComment')  [ RunTime:0.0002s ]
SQL: SELECT `id`,`name` FROM `t_addons` WHERE `status` = 1 AND `name` IN ('Attachment')  [ RunTime:0.0002s ]
SQL: SELECT `id`,`name` FROM `t_addons` WHERE `status` = 1 AND `name` IN ('Editor')  [ RunTime:0.0002s ]
SQL: SELECT `id`,`name` FROM `t_addons` WHERE `status` = 1 AND `name` IN ('EditorForAdmin')  [ RunTime:0.0002s ]
SQL: SELECT `id`,`name` FROM `t_addons` WHERE `status` = 1 AND `name` IN ('SiteStat','SystemInfo','DevTeam')  [ RunTime:0.0002s ]
SQL: SELECT `id`,`name` FROM `t_addons` WHERE `status` = 1 AND `name` IN ('Editor')  [ RunTime:0.0002s ]
SQL: SELECT `id`,`name` FROM `t_addons` WHERE `status` = 1 AND `name` IN ('XbDistrict')  [ RunTime:0.0002s ]
INFO: Run Common\Behavior\InitHookBehavior [ RunTime:1.066929s ]
INFO: [ app_init ] --END-- [ RunTime:1.067502s ]
INFO: [ app_begin ] --START--
INFO: Run Behavior\ReadHtmlCacheBehavior [ RunTime:0.000807s ]
INFO: [ app_begin ] --END-- [ RunTime:0.000870s ]
SQL: SHOW COLUMNS FROM `t_config` [ RunTime:0.0048s ]
SQL: SELECT `type`,`name`,`value` FROM `t_config` WHERE `status` = 1  [ RunTime:0.0005s ]

[ 2016-02-24T17:17:47+08:00 ] 127.0.0.1 /aladdin/Root/admin.php
INFO: [ app_init ] --START--
INFO: Run Behavior\BuildLiteBehavior [ RunTime:0.000017s ]
INFO: Run Common\Behavior\InitHookBehavior [ RunTime:0.003780s ]
INFO: [ app_init ] --END-- [ RunTime:0.004352s ]
INFO: [ app_begin ] --START--
INFO: Run Behavior\ReadHtmlCacheBehavior [ RunTime:0.000811s ]
INFO: [ app_begin ] --END-- [ RunTime:0.000867s ]

[ 2016-02-24T17:17:52+08:00 ] 127.0.0.1 /aladdin/root/admin.php?s=/menu/index.html
INFO: [ app_init ] --START--
INFO: Run Behavior\BuildLiteBehavior [ RunTime:0.000022s ]
INFO: Run Common\Behavior\InitHookBehavior [ RunTime:0.003599s ]
INFO: [ app_init ] --END-- [ RunTime:0.004523s ]
INFO: [ app_begin ] --START--
INFO: Run Behavior\ReadHtmlCacheBehavior [ RunTime:0.000834s ]
INFO: [ app_begin ] --END-- [ RunTime:0.000896s ]

[ 2016-02-24T17:18:24+08:00 ] 127.0.0.1 /aladdin/root/admin.php?s=/book/sheji.html
INFO: [ app_init ] --START--
INFO: Run Behavior\BuildLiteBehavior [ RunTime:0.000024s ]
INFO: Run Common\Behavior\InitHookBehavior [ RunTime:0.004666s ]
INFO: [ app_init ] --END-- [ RunTime:0.005385s ]
INFO: [ app_begin ] --START--
INFO: Run Behavior\ReadHtmlCacheBehavior [ RunTime:0.000887s ]
INFO: [ app_begin ] --END-- [ RunTime:0.000948s ]
ERR: 非法操作:sheji

[ 2016-02-24T17:18:54+08:00 ] 127.0.0.1 /aladdin/root/admin.php?s=/menu/index/pid/228.html
INFO: [ app_init ] --START--
INFO: Run Behavior\BuildLiteBehavior [ RunTime:0.000018s ]
INFO: Run Common\Behavior\InitHookBehavior [ RunTime:0.002425s ]
INFO: [ app_init ] --END-- [ RunTime:0.002977s ]
INFO: [ app_begin ] --START--
INFO: Run Behavior\ReadHtmlCacheBehavior [ RunTime:0.000748s ]
INFO: [ app_begin ] --END-- [ RunTime:0.000810s ]

[ 2016-02-24T17:18:59+08:00 ] 127.0.0.1 /aladdin/root/admin.php?s=/menu/edit/id/240.html
INFO: [ app_init ] --START--
INFO: Run Behavior\BuildLiteBehavior [ RunTime:0.000019s ]
INFO: Run Common\Behavior\InitHookBehavior [ RunTime:0.001995s ]
INFO: [ app_init ] --END-- [ RunTime:0.002526s ]
INFO: [ app_begin ] --START--
INFO: Run Behavior\ReadHtmlCacheBehavior [ RunTime:0.000659s ]
INFO: [ app_begin ] --END-- [ RunTime:0.000721s ]

[ 2016-02-24T17:19:33+08:00 ] 127.0.0.1 /aladdin/root/admin.php?s=/menu/edit/id/240.html
INFO: [ app_init ] --START--
INFO: Run Behavior\BuildLiteBehavior [ RunTime:0.000018s ]
INFO: Run Common\Behavior\InitHookBehavior [ RunTime:0.002015s ]
INFO: [ app_init ] --END-- [ RunTime:0.002562s ]
INFO: [ app_begin ] --START--
INFO: Run Behavior\ReadHtmlCacheBehavior [ RunTime:0.000659s ]
INFO: [ app_begin ] --END-- [ RunTime:0.000715s ]
SQL: SHOW COLUMNS FROM `t_menu` [ RunTime:0.0191s ]
SQL: SELECT `id`,`pid`,`title` FROM `t_menu` WHERE ( url like '%Menu/edit%' ) LIMIT 1   [ RunTime:0.0003s ]
SQL: SELECT `id`,`pid`,`title` FROM `t_menu` WHERE `id` = 75 LIMIT 1   [ RunTime:0.0002s ]
SQL: SELECT `id`,`pid`,`title` FROM `t_menu` WHERE `id` = 68 LIMIT 1   [ RunTime:0.0002s ]
SQL: SHOW COLUMNS FROM `t_xxfb_platform_notices` [ RunTime:0.0039s ]
SQL: SELECT COUNT(*) AS tp_count FROM `t_xxfb_platform_notices` WHERE `status` = 'NO#' LIMIT 1   [ RunTime:0.0002s ]
SQL: SHOW COLUMNS FROM `t_menu` [ RunTime:0.0041s ]
SQL: UPDATE `t_menu` SET `title`='订单设置',`sort`='1',`url`='Book/index',`pid`='228',`group`='',`hide`='0',`is_dev`='0',`class_fix`='' WHERE `id` = 240 [ RunTime:0.0092s ]
SQL: SHOW COLUMNS FROM `t_action` [ RunTime:0.0042s ]
SQL: SELECT * FROM `t_action` WHERE `name` = 'update_menu' LIMIT 1   [ RunTime:0.0003s ]
SQL: SHOW COLUMNS FROM `t_action_log` [ RunTime:0.0038s ]
SQL: INSERT INTO `t_action_log` (`action_id`,`user_id`,`action_ip`,`model`,`record_id`,`create_time`,`remark`) VALUES ('10','1','2130706433','Menu','240','1456305572','操作url：/aladdin/root/admin.php?s=/menu/edit/id/240.html') [ RunTime:0.0046s ]

[ 2016-02-24T17:19:36+08:00 ] 127.0.0.1 /aladdin/root/admin.php?s=/menu/index/pid/228.html
INFO: [ app_init ] --START--
INFO: Run Behavior\BuildLiteBehavior [ RunTime:0.000028s ]
INFO: Run Common\Behavior\InitHookBehavior [ RunTime:0.002530s ]
INFO: [ app_init ] --END-- [ RunTime:0.003148s ]
INFO: [ app_begin ] --START--
INFO: Run Behavior\ReadHtmlCacheBehavior [ RunTime:0.001179s ]
INFO: [ app_begin ] --END-- [ RunTime:0.001263s ]

[ 2016-02-24T17:19:43+08:00 ] 127.0.0.1 /aladdin/root/admin.php?s=/book/index.html
INFO: [ app_init ] --START--
INFO: Run Behavior\BuildLiteBehavior [ RunTime:0.000017s ]
INFO: Run Common\Behavior\InitHookBehavior [ RunTime:0.005815s ]
INFO: [ app_init ] --END-- [ RunTime:0.006535s ]
INFO: [ app_begin ] --START--
INFO: Run Behavior\ReadHtmlCacheBehavior [ RunTime:0.001476s ]
INFO: [ app_begin ] --END-- [ RunTime:0.001539s ]
ERR: SQLSTATE[42S02]: Base table or view not found: 1146 Table 'aladdin.t_book' doesn't exist

[ 2016-02-24T17:22:02+08:00 ] 127.0.0.1 /aladdin/root/admin.php?s=/menu/index.html
INFO: [ app_init ] --START--
INFO: Run Behavior\BuildLiteBehavior [ RunTime:0.000025s ]
INFO: Run Common\Behavior\InitHookBehavior [ RunTime:0.004036s ]
INFO: [ app_init ] --END-- [ RunTime:0.005019s ]
INFO: [ app_begin ] --START--
INFO: Run Behavior\ReadHtmlCacheBehavior [ RunTime:0.001236s ]
INFO: [ app_begin ] --END-- [ RunTime:0.001357s ]

[ 2016-02-24T17:22:05+08:00 ] 127.0.0.1 /aladdin/root/admin.php?s=/menu/index/pid/224.html
INFO: [ app_init ] --START--
INFO: Run Behavior\BuildLiteBehavior [ RunTime:0.000016s ]
INFO: Run Common\Behavior\InitHookBehavior [ RunTime:0.003509s ]
INFO: [ app_init ] --END-- [ RunTime:0.004046s ]
INFO: [ app_begin ] --START--
INFO: Run Behavior\ReadHtmlCacheBehavior [ RunTime:0.001552s ]
INFO: [ app_begin ] --END-- [ RunTime:0.001619s ]

[ 2016-02-24T17:22:07+08:00 ] 127.0.0.1 /aladdin/root/admin.php?s=/menu/add/pid/224.html
INFO: [ app_init ] --START--
INFO: Run Behavior\BuildLiteBehavior [ RunTime:0.000023s ]
INFO: Run Common\Behavior\InitHookBehavior [ RunTime:0.002965s ]
INFO: [ app_init ] --END-- [ RunTime:0.003662s ]
INFO: [ app_begin ] --START--
INFO: Run Behavior\ReadHtmlCacheBehavior [ RunTime:0.000918s ]
INFO: [ app_begin ] --END-- [ RunTime:0.001002s ]

[ 2016-02-24T17:23:55+08:00 ] 127.0.0.1 /aladdin/root/admin.php?s=/article/index.html
INFO: [ app_init ] --START--
INFO: Run Behavior\BuildLiteBehavior [ RunTime:0.000016s ]
INFO: Run Common\Behavior\InitHookBehavior [ RunTime:0.002984s ]
INFO: [ app_init ] --END-- [ RunTime:0.003586s ]
INFO: [ app_begin ] --START--
INFO: Run Behavior\ReadHtmlCacheBehavior [ RunTime:0.001047s ]
INFO: [ app_begin ] --END-- [ RunTime:0.001123s ]

[ 2016-02-24T17:24:27+08:00 ] 127.0.0.1 /aladdin/root/admin.php?s=/config/index.html
INFO: [ app_init ] --START--
INFO: Run Behavior\BuildLiteBehavior [ RunTime:0.000017s ]
INFO: Run Common\Behavior\InitHookBehavior [ RunTime:0.002722s ]
INFO: [ app_init ] --END-- [ RunTime:0.003274s ]
INFO: [ app_begin ] --START--
INFO: Run Behavior\ReadHtmlCacheBehavior [ RunTime:0.000817s ]
INFO: [ app_begin ] --END-- [ RunTime:0.000879s ]

[ 2016-02-24T17:24:33+08:00 ] 127.0.0.1 /aladdin/root/admin.php?s=/category/index.html
INFO: [ app_init ] --START--
INFO: Run Behavior\BuildLiteBehavior [ RunTime:0.000022s ]
INFO: Run Common\Behavior\InitHookBehavior [ RunTime:0.004793s ]
INFO: [ app_init ] --END-- [ RunTime:0.005420s ]
INFO: [ app_begin ] --START--
INFO: Run Behavior\ReadHtmlCacheBehavior [ RunTime:0.000961s ]
INFO: [ app_begin ] --END-- [ RunTime:0.001020s ]

[ 2016-02-24T17:26:39+08:00 ] 127.0.0.1 /aladdin/root/admin.php?s=/menu/index.html
INFO: [ app_init ] --START--
INFO: Run Behavior\BuildLiteBehavior [ RunTime:0.000016s ]
INFO: Run Common\Behavior\InitHookBehavior [ RunTime:0.002715s ]
INFO: [ app_init ] --END-- [ RunTime:0.003269s ]
INFO: [ app_begin ] --START--
INFO: Run Behavior\ReadHtmlCacheBehavior [ RunTime:0.000826s ]
INFO: [ app_begin ] --END-- [ RunTime:0.000888s ]

[ 2016-02-24T17:26:42+08:00 ] 127.0.0.1 /aladdin/root/admin.php?s=/menu/index/pid/224.html
INFO: [ app_init ] --START--
INFO: Run Behavior\BuildLiteBehavior [ RunTime:0.000025s ]
INFO: Run Common\Behavior\InitHookBehavior [ RunTime:0.003690s ]
INFO: [ app_init ] --END-- [ RunTime:0.004688s ]
INFO: [ app_begin ] --START--
INFO: Run Behavior\ReadHtmlCacheBehavior [ RunTime:0.000838s ]
INFO: [ app_begin ] --END-- [ RunTime:0.000898s ]

[ 2016-02-24T17:26:46+08:00 ] 127.0.0.1 /aladdin/root/admin.php?s=/menu/add/pid/224.html
INFO: [ app_init ] --START--
INFO: Run Behavior\BuildLiteBehavior [ RunTime:0.000023s ]
INFO: Run Common\Behavior\InitHookBehavior [ RunTime:0.006950s ]
INFO: [ app_init ] --END-- [ RunTime:0.007758s ]
INFO: [ app_begin ] --START--
INFO: Run Behavior\ReadHtmlCacheBehavior [ RunTime:0.001230s ]
INFO: [ app_begin ] --END-- [ RunTime:0.001315s ]

[ 2016-02-24T17:27:28+08:00 ] 127.0.0.1 /aladdin/root/admin.php?s=/menu/add/pid/224.html
INFO: [ app_init ] --START--
INFO: Run Behavior\BuildLiteBehavior [ RunTime:0.000021s ]
INFO: Run Common\Behavior\InitHookBehavior [ RunTime:0.002800s ]
INFO: [ app_init ] --END-- [ RunTime:0.003388s ]
INFO: [ app_begin ] --START--
INFO: Run Behavior\ReadHtmlCacheBehavior [ RunTime:0.000810s ]
INFO: [ app_begin ] --END-- [ RunTime:0.000863s ]
SQL: SHOW COLUMNS FROM `t_menu` [ RunTime:0.0159s ]
SQL: SELECT `id`,`pid`,`title` FROM `t_menu` WHERE ( url like '%Menu/add%' ) LIMIT 1   [ RunTime:0.0009s ]
SQL: SELECT `id`,`pid`,`title` FROM `t_menu` WHERE `id` = 75 LIMIT 1   [ RunTime:0.0003s ]
SQL: SELECT `id`,`pid`,`title` FROM `t_menu` WHERE `id` = 68 LIMIT 1   [ RunTime:0.0002s ]
SQL: SHOW COLUMNS FROM `t_xxfb_platform_notices` [ RunTime:0.0039s ]
SQL: SELECT COUNT(*) AS tp_count FROM `t_xxfb_platform_notices` WHERE `status` = 'NO#' LIMIT 1   [ RunTime:0.0002s ]
SQL: SHOW COLUMNS FROM `t_menu` [ RunTime:0.0039s ]
SQL: INSERT INTO `t_menu` (`id`,`title`,`sort`,`url`,`pid`,`group`,`hide`,`is_dev`,`class_fix`,`status`) VALUES ('0','商品规格','0','Attribute/index','224','','0','0','','1') [ RunTime:0.0053s ]
SQL: SHOW COLUMNS FROM `t_action` [ RunTime:0.0041s ]
SQL: SELECT * FROM `t_action` WHERE `name` = 'update_menu' LIMIT 1   [ RunTime:0.0003s ]
SQL: SHOW COLUMNS FROM `t_action_log` [ RunTime:0.0037s ]
SQL: INSERT INTO `t_action_log` (`action_id`,`user_id`,`action_ip`,`model`,`record_id`,`create_time`,`remark`) VALUES ('10','1','2130706433','Menu','241','1456306046','操作url：/aladdin/root/admin.php?s=/menu/add/pid/224.html') [ RunTime:0.0039s ]

[ 2016-02-24T17:27:30+08:00 ] 127.0.0.1 /aladdin/root/admin.php?s=/menu/index/pid/224.html
INFO: [ app_init ] --START--
INFO: Run Behavior\BuildLiteBehavior [ RunTime:0.000019s ]
INFO: Run Common\Behavior\InitHookBehavior [ RunTime:0.005120s ]
INFO: [ app_init ] --END-- [ RunTime:0.005832s ]
INFO: [ app_begin ] --START--
INFO: Run Behavior\ReadHtmlCacheBehavior [ RunTime:0.000833s ]
INFO: [ app_begin ] --END-- [ RunTime:0.000896s ]

[ 2016-02-24T17:27:43+08:00 ] 127.0.0.1 /aladdin/root/admin.php?s=/attribute/index.html
INFO: [ app_init ] --START--
INFO: Run Behavior\BuildLiteBehavior [ RunTime:0.000025s ]
INFO: Run Common\Behavior\InitHookBehavior [ RunTime:0.003873s ]
INFO: [ app_init ] --END-- [ RunTime:0.004737s ]
INFO: [ app_begin ] --START--
INFO: Run Behavior\ReadHtmlCacheBehavior [ RunTime:0.000886s ]
INFO: [ app_begin ] --END-- [ RunTime:0.000944s ]

[ 2016-02-24T17:28:55+08:00 ] 127.0.0.1 /aladdin/root/admin.php?s=/attribute/index.html
INFO: [ app_init ] --START--
INFO: Run Behavior\BuildLiteBehavior [ RunTime:0.000016s ]
INFO: Run Common\Behavior\InitHookBehavior [ RunTime:0.002627s ]
INFO: [ app_init ] --END-- [ RunTime:0.003171s ]
INFO: [ app_begin ] --START--
INFO: Run Behavior\ReadHtmlCacheBehavior [ RunTime:0.000910s ]
INFO: [ app_begin ] --END-- [ RunTime:0.000981s ]

[ 2016-02-24T17:31:04+08:00 ] 127.0.0.1 /aladdin/root/admin.php?s=/attribute/index.html
INFO: [ app_init ] --START--
INFO: Run Behavior\BuildLiteBehavior [ RunTime:0.000018s ]
INFO: Run Common\Behavior\InitHookBehavior [ RunTime:0.002706s ]
INFO: [ app_init ] --END-- [ RunTime:0.003252s ]
INFO: [ app_begin ] --START--
INFO: Run Behavior\ReadHtmlCacheBehavior [ RunTime:0.000828s ]
INFO: [ app_begin ] --END-- [ RunTime:0.000893s ]

[ 2016-02-24T17:33:51+08:00 ] 127.0.0.1 /aladdin/root/admin.php?s=/attribute/index.html
INFO: [ app_init ] --START--
INFO: Run Behavior\BuildLiteBehavior [ RunTime:0.000016s ]
INFO: Run Common\Behavior\InitHookBehavior [ RunTime:0.002978s ]
INFO: [ app_init ] --END-- [ RunTime:0.003538s ]
INFO: [ app_begin ] --START--
INFO: Run Behavior\ReadHtmlCacheBehavior [ RunTime:0.000821s ]
INFO: [ app_begin ] --END-- [ RunTime:0.000892s ]

[ 2016-02-24T17:33:56+08:00 ] 127.0.0.1 /aladdin/root/admin.php?s=/attribute/add.html
INFO: [ app_init ] --START--
INFO: Run Behavior\BuildLiteBehavior [ RunTime:0.000022s ]
INFO: Run Common\Behavior\InitHookBehavior [ RunTime:0.004328s ]
INFO: [ app_init ] --END-- [ RunTime:0.005111s ]
INFO: [ app_begin ] --START--
INFO: Run Behavior\ReadHtmlCacheBehavior [ RunTime:0.001341s ]
INFO: [ app_begin ] --END-- [ RunTime:0.001428s ]
ERR: 非法操作:add

[ 2016-02-24T17:36:19+08:00 ] 127.0.0.1 /aladdin/root/admin.php?s=/attribute/index.html
INFO: [ app_init ] --START--
INFO: Run Behavior\BuildLiteBehavior [ RunTime:0.000017s ]
INFO: Run Common\Behavior\InitHookBehavior [ RunTime:0.002969s ]
INFO: [ app_init ] --END-- [ RunTime:0.003534s ]
INFO: [ app_begin ] --START--
INFO: Run Behavior\ReadHtmlCacheBehavior [ RunTime:0.000879s ]
INFO: [ app_begin ] --END-- [ RunTime:0.000977s ]

[ 2016-02-24T17:42:17+08:00 ] 127.0.0.1 /aladdin/root/admin.php?s=/attribute/index.html
INFO: [ app_init ] --START--
INFO: Run Behavior\BuildLiteBehavior [ RunTime:0.000015s ]
INFO: Run Common\Behavior\InitHookBehavior [ RunTime:0.002648s ]
INFO: [ app_init ] --END-- [ RunTime:0.003185s ]
INFO: [ app_begin ] --START--
INFO: Run Behavior\ReadHtmlCacheBehavior [ RunTime:0.000845s ]
INFO: [ app_begin ] --END-- [ RunTime:0.000916s ]

[ 2016-02-24T17:44:48+08:00 ] 127.0.0.1 /aladdin/root/admin.php?s=/attribute/index.html
INFO: [ app_init ] --START--
INFO: Run Behavior\BuildLiteBehavior [ RunTime:0.000026s ]
INFO: Run Common\Behavior\InitHookBehavior [ RunTime:0.002876s ]
INFO: [ app_init ] --END-- [ RunTime:0.003601s ]
INFO: [ app_begin ] --START--
INFO: Run Behavior\ReadHtmlCacheBehavior [ RunTime:0.000804s ]
INFO: [ app_begin ] --END-- [ RunTime:0.000859s ]

[ 2016-02-24T17:45:41+08:00 ] 127.0.0.1 /aladdin/root/admin.php?s=/attribute/index.html
INFO: [ app_init ] --START--
INFO: Run Behavior\BuildLiteBehavior [ RunTime:0.000014s ]
INFO: Run Common\Behavior\InitHookBehavior [ RunTime:0.002674s ]
INFO: [ app_init ] --END-- [ RunTime:0.003201s ]
INFO: [ app_begin ] --START--
INFO: Run Behavior\ReadHtmlCacheBehavior [ RunTime:0.000818s ]
INFO: [ app_begin ] --END-- [ RunTime:0.000881s ]

[ 2016-02-24T17:46:02+08:00 ] 127.0.0.1 /aladdin/root/admin.php?s=/attribute/index.html
INFO: [ app_init ] --START--
INFO: Run Behavior\BuildLiteBehavior [ RunTime:0.000015s ]
INFO: Run Common\Behavior\InitHookBehavior [ RunTime:0.002688s ]
INFO: [ app_init ] --END-- [ RunTime:0.003237s ]
INFO: [ app_begin ] --START--
INFO: Run Behavior\ReadHtmlCacheBehavior [ RunTime:0.000833s ]
INFO: [ app_begin ] --END-- [ RunTime:0.000913s ]

[ 2016-02-24T17:48:24+08:00 ] 127.0.0.1 /aladdin/root/admin.php?s=/attribute/index.html
INFO: [ app_init ] --START--
INFO: Run Behavior\BuildLiteBehavior [ RunTime:0.000016s ]
INFO: Run Common\Behavior\InitHookBehavior [ RunTime:0.002712s ]
INFO: [ app_init ] --END-- [ RunTime:0.003244s ]
INFO: [ app_begin ] --START--
INFO: Run Behavior\ReadHtmlCacheBehavior [ RunTime:0.001295s ]
INFO: [ app_begin ] --END-- [ RunTime:0.001389s ]

[ 2016-02-24T17:50:20+08:00 ] 127.0.0.1 /aladdin/root/admin.php?s=/attribute/index.html
INFO: [ app_init ] --START--
INFO: Run Behavior\BuildLiteBehavior [ RunTime:0.000016s ]
INFO: Run Common\Behavior\InitHookBehavior [ RunTime:0.002684s ]
INFO: [ app_init ] --END-- [ RunTime:0.003240s ]
INFO: [ app_begin ] --START--
INFO: Run Behavior\ReadHtmlCacheBehavior [ RunTime:0.000958s ]
INFO: [ app_begin ] --END-- [ RunTime:0.001024s ]

[ 2016-02-24T17:50:32+08:00 ] 127.0.0.1 /aladdin/root/admin.php?s=/attribute/index.html
INFO: [ app_init ] --START--
INFO: Run Behavior\BuildLiteBehavior [ RunTime:0.000024s ]
INFO: Run Common\Behavior\InitHookBehavior [ RunTime:0.003970s ]
INFO: [ app_init ] --END-- [ RunTime:0.004748s ]
INFO: [ app_begin ] --START--
INFO: Run Behavior\ReadHtmlCacheBehavior [ RunTime:0.000806s ]
INFO: [ app_begin ] --END-- [ RunTime:0.000865s ]

[ 2016-02-24T17:51:35+08:00 ] 127.0.0.1 /aladdin/root/admin.php?s=/attribute/index.html
INFO: [ app_init ] --START--
INFO: Run Behavior\BuildLiteBehavior [ RunTime:0.000015s ]
INFO: Run Common\Behavior\InitHookBehavior [ RunTime:0.002519s ]
INFO: [ app_init ] --END-- [ RunTime:0.003019s ]
INFO: [ app_begin ] --START--
INFO: Run Behavior\ReadHtmlCacheBehavior [ RunTime:0.000816s ]
INFO: [ app_begin ] --END-- [ RunTime:0.000873s ]

[ 2016-02-24T17:52:46+08:00 ] 127.0.0.1 /aladdin/root/admin.php?s=/attribute/index.html
INFO: [ app_init ] --START--
INFO: Run Behavior\BuildLiteBehavior [ RunTime:0.000015s ]
INFO: Run Common\Behavior\InitHookBehavior [ RunTime:0.002771s ]
INFO: [ app_init ] --END-- [ RunTime:0.003314s ]
INFO: [ app_begin ] --START--
INFO: Run Behavior\ReadHtmlCacheBehavior [ RunTime:0.000883s ]
INFO: [ app_begin ] --END-- [ RunTime:0.000951s ]

[ 2016-02-24T17:54:30+08:00 ] 127.0.0.1 /aladdin/root/admin.php?s=/attribute/index.html
INFO: [ app_init ] --START--
INFO: Run Behavior\BuildLiteBehavior [ RunTime:0.000016s ]
INFO: Run Common\Behavior\InitHookBehavior [ RunTime:0.003265s ]
INFO: [ app_init ] --END-- [ RunTime:0.003807s ]
INFO: [ app_begin ] --START--
INFO: Run Behavior\ReadHtmlCacheBehavior [ RunTime:0.001779s ]
INFO: [ app_begin ] --END-- [ RunTime:0.001963s ]

[ 2016-02-24T17:57:52+08:00 ] 127.0.0.1 /aladdin/root/admin.php?s=/attribute/index.html
INFO: [ app_init ] --START--
INFO: Run Behavior\BuildLiteBehavior [ RunTime:0.000016s ]
INFO: Run Common\Behavior\InitHookBehavior [ RunTime:0.002857s ]
INFO: [ app_init ] --END-- [ RunTime:0.003407s ]
INFO: [ app_begin ] --START--
INFO: Run Behavior\ReadHtmlCacheBehavior [ RunTime:0.000837s ]
INFO: [ app_begin ] --END-- [ RunTime:0.000902s ]

[ 2016-02-24T17:58:38+08:00 ] 127.0.0.1 /aladdin/root/admin.php?s=/attribute/index.html
INFO: [ app_init ] --START--
INFO: Run Behavior\BuildLiteBehavior [ RunTime:0.000017s ]
INFO: Run Common\Behavior\InitHookBehavior [ RunTime:0.002634s ]
INFO: [ app_init ] --END-- [ RunTime:0.003186s ]
INFO: [ app_begin ] --START--
INFO: Run Behavior\ReadHtmlCacheBehavior [ RunTime:0.000884s ]
INFO: [ app_begin ] --END-- [ RunTime:0.000942s ]

[ 2016-02-24T17:59:11+08:00 ] 127.0.0.1 /aladdin/root/admin.php?s=/attribute/index.html
INFO: [ app_init ] --START--
INFO: Run Behavior\BuildLiteBehavior [ RunTime:0.000016s ]
INFO: Run Common\Behavior\InitHookBehavior [ RunTime:0.002783s ]
INFO: [ app_init ] --END-- [ RunTime:0.003328s ]
INFO: [ app_begin ] --START--
INFO: Run Behavior\ReadHtmlCacheBehavior [ RunTime:0.000916s ]
INFO: [ app_begin ] --END-- [ RunTime:0.000995s ]

[ 2016-02-24T18:01:29+08:00 ] 127.0.0.1 /aladdin/root/admin.php?s=/attribute/index.html
INFO: [ app_init ] --START--
INFO: Run Behavior\BuildLiteBehavior [ RunTime:0.000016s ]
INFO: Run Common\Behavior\InitHookBehavior [ RunTime:0.003047s ]
INFO: [ app_init ] --END-- [ RunTime:0.003611s ]
INFO: [ app_begin ] --START--
INFO: Run Behavior\ReadHtmlCacheBehavior [ RunTime:0.001035s ]
INFO: [ app_begin ] --END-- [ RunTime:0.001106s ]

[ 2016-02-24T18:02:28+08:00 ] 127.0.0.1 /aladdin/root/admin.php?s=/attribute/index.html
INFO: [ app_init ] --START--
INFO: Run Behavior\BuildLiteBehavior [ RunTime:0.000017s ]
INFO: Run Common\Behavior\InitHookBehavior [ RunTime:0.002737s ]
INFO: [ app_init ] --END-- [ RunTime:0.003290s ]
INFO: [ app_begin ] --START--
INFO: Run Behavior\ReadHtmlCacheBehavior [ RunTime:0.000823s ]
INFO: [ app_begin ] --END-- [ RunTime:0.000888s ]

[ 2016-02-24T18:02:51+08:00 ] 127.0.0.1 /aladdin/root/admin.php?s=/attribute/index.html
INFO: [ app_init ] --START--
INFO: Run Behavior\BuildLiteBehavior [ RunTime:0.000017s ]
INFO: Run Common\Behavior\InitHookBehavior [ RunTime:0.002572s ]
INFO: [ app_init ] --END-- [ RunTime:0.003131s ]
INFO: [ app_begin ] --START--
INFO: Run Behavior\ReadHtmlCacheBehavior [ RunTime:0.000893s ]
INFO: [ app_begin ] --END-- [ RunTime:0.000951s ]

[ 2016-02-24T18:07:22+08:00 ] 127.0.0.1 /aladdin/root/admin.php?s=/attribute/index.html
INFO: [ app_init ] --START--
INFO: Run Behavior\BuildLiteBehavior [ RunTime:0.000017s ]
INFO: Run Common\Behavior\InitHookBehavior [ RunTime:0.002784s ]
INFO: [ app_init ] --END-- [ RunTime:0.003327s ]
INFO: [ app_begin ] --START--
INFO: Run Behavior\ReadHtmlCacheBehavior [ RunTime:0.000970s ]
INFO: [ app_begin ] --END-- [ RunTime:0.001041s ]

[ 2016-02-24T18:07:50+08:00 ] 127.0.0.1 /aladdin/root/admin.php?s=/attribute/index.html
INFO: [ app_init ] --START--
INFO: Run Behavior\BuildLiteBehavior [ RunTime:0.000016s ]
INFO: Run Common\Behavior\InitHookBehavior [ RunTime:0.002862s ]
INFO: [ app_init ] --END-- [ RunTime:0.003495s ]
INFO: [ app_begin ] --START--
INFO: Run Behavior\ReadHtmlCacheBehavior [ RunTime:0.000974s ]
INFO: [ app_begin ] --END-- [ RunTime:0.001041s ]

[ 2016-02-24T18:08:13+08:00 ] 127.0.0.1 /aladdin/root/admin.php?s=/attribute/index.html
INFO: [ app_init ] --START--
INFO: Run Behavior\BuildLiteBehavior [ RunTime:0.000017s ]
INFO: Run Common\Behavior\InitHookBehavior [ RunTime:0.002714s ]
INFO: [ app_init ] --END-- [ RunTime:0.003249s ]
INFO: [ app_begin ] --START--
INFO: Run Behavior\ReadHtmlCacheBehavior [ RunTime:0.000832s ]
INFO: [ app_begin ] --END-- [ RunTime:0.000899s ]

[ 2016-02-24T18:08:32+08:00 ] 127.0.0.1 /aladdin/root/admin.php?s=/attribute/index.html
INFO: [ app_init ] --START--
INFO: Run Behavior\BuildLiteBehavior [ RunTime:0.000017s ]
INFO: Run Common\Behavior\InitHookBehavior [ RunTime:0.003025s ]
INFO: [ app_init ] --END-- [ RunTime:0.003566s ]
INFO: [ app_begin ] --START--
INFO: Run Behavior\ReadHtmlCacheBehavior [ RunTime:0.000906s ]
INFO: [ app_begin ] --END-- [ RunTime:0.000971s ]

[ 2016-02-24T18:10:22+08:00 ] 127.0.0.1 /aladdin/root/admin.php?s=/attribute/index.html
INFO: [ app_init ] --START--
INFO: Run Behavior\BuildLiteBehavior [ RunTime:0.000017s ]
INFO: Run Common\Behavior\InitHookBehavior [ RunTime:0.002919s ]
INFO: [ app_init ] --END-- [ RunTime:0.003470s ]
INFO: [ app_begin ] --START--
INFO: Run Behavior\ReadHtmlCacheBehavior [ RunTime:0.000839s ]
INFO: [ app_begin ] --END-- [ RunTime:0.000903s ]

[ 2016-02-24T18:10:44+08:00 ] 127.0.0.1 /aladdin/root/admin.php?s=/attribute/index.html
INFO: [ app_init ] --START--
INFO: Run Behavior\BuildLiteBehavior [ RunTime:0.000017s ]
INFO: Run Common\Behavior\InitHookBehavior [ RunTime:0.002656s ]
INFO: [ app_init ] --END-- [ RunTime:0.003210s ]
INFO: [ app_begin ] --START--
INFO: Run Behavior\ReadHtmlCacheBehavior [ RunTime:0.000893s ]
INFO: [ app_begin ] --END-- [ RunTime:0.000954s ]

[ 2016-02-24T18:11:33+08:00 ] 127.0.0.1 /aladdin/root/admin.php?s=/attribute/index.html
INFO: [ app_init ] --START--
INFO: Run Behavior\BuildLiteBehavior [ RunTime:0.000017s ]
INFO: Run Common\Behavior\InitHookBehavior [ RunTime:0.003206s ]
INFO: [ app_init ] --END-- [ RunTime:0.003750s ]
INFO: [ app_begin ] --START--
INFO: Run Behavior\ReadHtmlCacheBehavior [ RunTime:0.000807s ]
INFO: [ app_begin ] --END-- [ RunTime:0.000865s ]

[ 2016-02-24T18:11:45+08:00 ] 127.0.0.1 /aladdin/root/admin.php?s=/attribute/index.html
INFO: [ app_init ] --START--
INFO: Run Behavior\BuildLiteBehavior [ RunTime:0.000016s ]
INFO: Run Common\Behavior\InitHookBehavior [ RunTime:0.002682s ]
INFO: [ app_init ] --END-- [ RunTime:0.003233s ]
INFO: [ app_begin ] --START--
INFO: Run Behavior\ReadHtmlCacheBehavior [ RunTime:0.000885s ]
INFO: [ app_begin ] --END-- [ RunTime:0.000942s ]

[ 2016-02-24T18:11:57+08:00 ] 127.0.0.1 /aladdin/root/admin.php?s=/attribute/index.html
INFO: [ app_init ] --START--
INFO: Run Behavior\BuildLiteBehavior [ RunTime:0.000030s ]
INFO: Run Common\Behavior\InitHookBehavior [ RunTime:0.003619s ]
INFO: [ app_init ] --END-- [ RunTime:0.004627s ]
INFO: [ app_begin ] --START--
INFO: Run Behavior\ReadHtmlCacheBehavior [ RunTime:0.000811s ]
INFO: [ app_begin ] --END-- [ RunTime:0.000869s ]

[ 2016-02-24T18:13:05+08:00 ] 127.0.0.1 /aladdin/root/admin.php?s=/attribute/index.html
INFO: [ app_init ] --START--
INFO: Run Behavior\BuildLiteBehavior [ RunTime:0.000018s ]
INFO: Run Common\Behavior\InitHookBehavior [ RunTime:0.003561s ]
INFO: [ app_init ] --END-- [ RunTime:0.004128s ]
INFO: [ app_begin ] --START--
INFO: Run Behavior\ReadHtmlCacheBehavior [ RunTime:0.000820s ]
INFO: [ app_begin ] --END-- [ RunTime:0.000880s ]

[ 2016-02-24T18:13:28+08:00 ] 127.0.0.1 /aladdin/root/admin.php?s=/attribute/index.html
INFO: [ app_init ] --START--
INFO: Run Behavior\BuildLiteBehavior [ RunTime:0.000016s ]
INFO: Run Common\Behavior\InitHookBehavior [ RunTime:0.002807s ]
INFO: [ app_init ] --END-- [ RunTime:0.003313s ]
INFO: [ app_begin ] --START--
INFO: Run Behavior\ReadHtmlCacheBehavior [ RunTime:0.000829s ]
INFO: [ app_begin ] --END-- [ RunTime:0.000894s ]

[ 2016-02-24T18:14:19+08:00 ] 127.0.0.1 /aladdin/root/admin.php?s=/attribute/index.html
INFO: [ app_init ] --START--
INFO: Run Behavior\BuildLiteBehavior [ RunTime:0.000025s ]
INFO: Run Common\Behavior\InitHookBehavior [ RunTime:0.004795s ]
INFO: [ app_init ] --END-- [ RunTime:0.006749s ]
INFO: [ app_begin ] --START--
INFO: Run Behavior\ReadHtmlCacheBehavior [ RunTime:0.002481s ]
INFO: [ app_begin ] --END-- [ RunTime:0.002579s ]

[ 2016-02-24T18:15:46+08:00 ] 127.0.0.1 /aladdin/Root/
INFO: [ app_init ] --START--
INFO: Run Behavior\BuildLiteBehavior [ RunTime:0.000021s ]
INFO: Run Common\Behavior\InitHookBehavior [ RunTime:0.003517s ]
INFO: [ app_init ] --END-- [ RunTime:0.004153s ]
INFO: [ app_begin ] --START--
INFO: Run Behavior\ReadHtmlCacheBehavior [ RunTime:0.000897s ]
INFO: [ app_begin ] --END-- [ RunTime:0.000960s ]

[ 2016-02-24T18:15:46+08:00 ] 127.0.0.1 /aladdin/root/admin.php?s=/public/login.html
INFO: [ app_init ] --START--
INFO: Run Behavior\BuildLiteBehavior [ RunTime:0.000017s ]
INFO: Run Common\Behavior\InitHookBehavior [ RunTime:0.002920s ]
INFO: [ app_init ] --END-- [ RunTime:0.003481s ]
INFO: [ app_begin ] --START--
INFO: Run Behavior\ReadHtmlCacheBehavior [ RunTime:0.000928s ]
INFO: [ app_begin ] --END-- [ RunTime:0.001001s ]

[ 2016-02-24T18:15:46+08:00 ] 127.0.0.1 /aladdin/root/admin.php?s=/public/verify.html
INFO: [ app_init ] --START--
INFO: Run Behavior\BuildLiteBehavior [ RunTime:0.000024s ]
INFO: Run Common\Behavior\InitHookBehavior [ RunTime:0.009667s ]
INFO: [ app_init ] --END-- [ RunTime:0.010460s ]
INFO: [ app_begin ] --START--
INFO: Run Behavior\ReadHtmlCacheBehavior [ RunTime:0.003013s ]
INFO: [ app_begin ] --END-- [ RunTime:0.003277s ]

[ 2016-02-24T18:16:11+08:00 ] 127.0.0.1 /aladdin/root/admin.php?s=/public/login.html
INFO: [ app_init ] --START--
INFO: Run Behavior\BuildLiteBehavior [ RunTime:0.000018s ]
INFO: Run Common\Behavior\InitHookBehavior [ RunTime:0.002880s ]
INFO: [ app_init ] --END-- [ RunTime:0.003489s ]
INFO: [ app_begin ] --START--
INFO: Run Behavior\ReadHtmlCacheBehavior [ RunTime:0.002116s ]
INFO: [ app_begin ] --END-- [ RunTime:0.002220s ]
SQL: SHOW COLUMNS FROM `t_member` [ RunTime:0.0049s ]
SQL: SELECT `uid`,`nickname`,`headimgurl`,`sex`,`birthday`,`qq`,`score`,`login`,`reg_ip`,`reg_time`,`last_login_ip`,`last_login_time`,`update_time`,`status` FROM `t_member` WHERE `uid` = 1 LIMIT 1   [ RunTime:0.0005s ]
SQL: SHOW COLUMNS FROM `t_action` [ RunTime:0.0039s ]
SQL: SELECT * FROM `t_action` WHERE `name` = 'user_login' LIMIT 1   [ RunTime:0.0002s ]
SQL: SHOW COLUMNS FROM `t_member` [ RunTime:0.0041s ]
SQL: SELECT `nickname` FROM `t_member` WHERE `uid` = 1 LIMIT 1   [ RunTime:0.0003s ]
SQL: SHOW COLUMNS FROM `t_action_log` [ RunTime:0.0038s ]
SQL: INSERT INTO `t_action_log` (`action_id`,`user_id`,`action_ip`,`model`,`record_id`,`create_time`,`remark`) VALUES ('1','1','2130706433','member','1','1456308969','root在2016-02-24 18:16:09登录了后台') [ RunTime:0.0052s ]
SQL: SELECT * FROM `t_action` WHERE `name` = 'user_login' LIMIT 1   [ RunTime:0.0003s ]
NOTIC: [8] Undefined offset: 1 D:\amp\apache\htdocs\aladdin\Application\Common\Common\function.php 第 737 行.
NOTIC: [2] array_key_exists() expects parameter 2 to be array, null given D:\amp\apache\htdocs\aladdin\Application\Common\Common\function.php 第 737 行.
SQL: SELECT COUNT(*) AS tp_count FROM `t_action_log` WHERE `action_id` = 1 AND `user_id` = 1 AND `create_time` > 1456222569 LIMIT 1   [ RunTime:0.0005s ]
SQL: UPDATE `t_member` SET `login`=`login`+1,`last_login_time`='1456308969',`last_login_ip`='2130706433' WHERE `uid` = 1 [ RunTime:0.0040s ]

[ 2016-02-24T18:16:13+08:00 ] 127.0.0.1 /aladdin/root/admin.php?s=/index/index.html
INFO: [ app_init ] --START--
INFO: Run Behavior\BuildLiteBehavior [ RunTime:0.000035s ]
INFO: Run Common\Behavior\InitHookBehavior [ RunTime:0.004052s ]
INFO: [ app_init ] --END-- [ RunTime:0.004872s ]
INFO: [ app_begin ] --START--
INFO: Run Behavior\ReadHtmlCacheBehavior [ RunTime:0.000798s ]
INFO: [ app_begin ] --END-- [ RunTime:0.000867s ]

[ 2016-02-24T18:16:19+08:00 ] 127.0.0.1 /aladdin/root/admin.php?s=/attribute/index.html
INFO: [ app_init ] --START--
INFO: Run Behavior\BuildLiteBehavior [ RunTime:0.000035s ]
INFO: Run Common\Behavior\InitHookBehavior [ RunTime:0.003870s ]
INFO: [ app_init ] --END-- [ RunTime:0.004748s ]
INFO: [ app_begin ] --START--
INFO: Run Behavior\ReadHtmlCacheBehavior [ RunTime:0.000818s ]
INFO: [ app_begin ] --END-- [ RunTime:0.000878s ]

[ 2016-02-24T18:18:17+08:00 ] 127.0.0.1 /aladdin/root/admin.php?s=/attribute/index.html
INFO: [ app_init ] --START--
INFO: Run Behavior\BuildLiteBehavior [ RunTime:0.000016s ]
INFO: Run Common\Behavior\InitHookBehavior [ RunTime:0.002939s ]
INFO: [ app_init ] --END-- [ RunTime:0.003449s ]
INFO: [ app_begin ] --START--
INFO: Run Behavior\ReadHtmlCacheBehavior [ RunTime:0.000835s ]
INFO: [ app_begin ] --END-- [ RunTime:0.000913s ]

[ 2016-02-24T18:18:41+08:00 ] 127.0.0.1 /aladdin/root/admin.php?s=/attribute/index.html
INFO: [ app_init ] --START--
INFO: Run Behavior\BuildLiteBehavior [ RunTime:0.000016s ]
INFO: Run Common\Behavior\InitHookBehavior [ RunTime:0.002714s ]
INFO: [ app_init ] --END-- [ RunTime:0.003282s ]
INFO: [ app_begin ] --START--
INFO: Run Behavior\ReadHtmlCacheBehavior [ RunTime:0.000915s ]
INFO: [ app_begin ] --END-- [ RunTime:0.000984s ]

[ 2016-02-24T18:19:19+08:00 ] 127.0.0.1 /aladdin/root/admin.php?s=/attribute/index.html
INFO: [ app_init ] --START--
INFO: Run Behavior\BuildLiteBehavior [ RunTime:0.000017s ]
INFO: Run Common\Behavior\InitHookBehavior [ RunTime:0.004232s ]
INFO: [ app_init ] --END-- [ RunTime:0.004793s ]
INFO: [ app_begin ] --START--
INFO: Run Behavior\ReadHtmlCacheBehavior [ RunTime:0.000820s ]
INFO: [ app_begin ] --END-- [ RunTime:0.000881s ]

[ 2016-02-24T18:19:51+08:00 ] 127.0.0.1 /aladdin/root/admin.php?s=/attribute/index.html
INFO: [ app_init ] --START--
INFO: Run Behavior\BuildLiteBehavior [ RunTime:0.000017s ]
INFO: Run Common\Behavior\InitHookBehavior [ RunTime:0.002627s ]
INFO: [ app_init ] --END-- [ RunTime:0.003167s ]
INFO: [ app_begin ] --START--
INFO: Run Behavior\ReadHtmlCacheBehavior [ RunTime:0.000885s ]
INFO: [ app_begin ] --END-- [ RunTime:0.000947s ]

[ 2016-02-24T18:20:05+08:00 ] 127.0.0.1 /aladdin/root/admin.php?s=/attribute/index.html
INFO: [ app_init ] --START--
INFO: Run Behavior\BuildLiteBehavior [ RunTime:0.000022s ]
INFO: Run Common\Behavior\InitHookBehavior [ RunTime:0.002971s ]
INFO: [ app_init ] --END-- [ RunTime:0.003913s ]
INFO: [ app_begin ] --START--
INFO: Run Behavior\ReadHtmlCacheBehavior [ RunTime:0.000808s ]
INFO: [ app_begin ] --END-- [ RunTime:0.000865s ]

[ 2016-02-24T18:20:20+08:00 ] 127.0.0.1 /aladdin/root/admin.php?s=/attribute/index.html
INFO: [ app_init ] --START--
INFO: Run Behavior\BuildLiteBehavior [ RunTime:0.000016s ]
INFO: Run Common\Behavior\InitHookBehavior [ RunTime:0.002601s ]
INFO: [ app_init ] --END-- [ RunTime:0.003158s ]
INFO: [ app_begin ] --START--
INFO: Run Behavior\ReadHtmlCacheBehavior [ RunTime:0.000839s ]
INFO: [ app_begin ] --END-- [ RunTime:0.000904s ]

[ 2016-02-24T18:23:23+08:00 ] 127.0.0.1 /aladdin/root/admin.php?s=/attribute/index.html
INFO: [ app_init ] --START--
INFO: Run Behavior\BuildLiteBehavior [ RunTime:0.000017s ]
INFO: Run Common\Behavior\InitHookBehavior [ RunTime:0.002660s ]
INFO: [ app_init ] --END-- [ RunTime:0.003210s ]
INFO: [ app_begin ] --START--
INFO: Run Behavior\ReadHtmlCacheBehavior [ RunTime:0.000813s ]
INFO: [ app_begin ] --END-- [ RunTime:0.000875s ]

[ 2016-02-24T18:23:39+08:00 ] 127.0.0.1 /aladdin/root/admin.php?s=/attribute/index.html
INFO: [ app_init ] --START--
INFO: Run Behavior\BuildLiteBehavior [ RunTime:0.000017s ]
INFO: Run Common\Behavior\InitHookBehavior [ RunTime:0.002757s ]
INFO: [ app_init ] --END-- [ RunTime:0.003295s ]
INFO: [ app_begin ] --START--
INFO: Run Behavior\ReadHtmlCacheBehavior [ RunTime:0.000888s ]
INFO: [ app_begin ] --END-- [ RunTime:0.000947s ]

[ 2016-02-24T18:28:09+08:00 ] 127.0.0.1 /aladdin/root/admin.php?s=/attribute/index.html
INFO: [ app_init ] --START--
INFO: Run Behavior\BuildLiteBehavior [ RunTime:0.000017s ]
INFO: Run Common\Behavior\InitHookBehavior [ RunTime:0.002771s ]
INFO: [ app_init ] --END-- [ RunTime:0.003320s ]
INFO: [ app_begin ] --START--
INFO: Run Behavior\ReadHtmlCacheBehavior [ RunTime:0.000917s ]
INFO: [ app_begin ] --END-- [ RunTime:0.000989s ]

[ 2016-02-24T18:28:58+08:00 ] 127.0.0.1 /aladdin/root/admin.php?s=/attribute/index.html
INFO: [ app_init ] --START--
INFO: Run Behavior\BuildLiteBehavior [ RunTime:0.000016s ]
INFO: Run Common\Behavior\InitHookBehavior [ RunTime:0.002647s ]
INFO: [ app_init ] --END-- [ RunTime:0.003184s ]
INFO: [ app_begin ] --START--
INFO: Run Behavior\ReadHtmlCacheBehavior [ RunTime:0.000916s ]
INFO: [ app_begin ] --END-- [ RunTime:0.000978s ]

[ 2016-02-24T18:30:11+08:00 ] 127.0.0.1 /aladdin/root/admin.php?s=/attribute/index.html
INFO: [ app_init ] --START--
INFO: Run Behavior\BuildLiteBehavior [ RunTime:0.000017s ]
INFO: Run Common\Behavior\InitHookBehavior [ RunTime:0.003346s ]
INFO: [ app_init ] --END-- [ RunTime:0.003901s ]
INFO: [ app_begin ] --START--
INFO: Run Behavior\ReadHtmlCacheBehavior [ RunTime:0.001575s ]
INFO: [ app_begin ] --END-- [ RunTime:0.001671s ]

[ 2016-02-24T18:31:55+08:00 ] 127.0.0.1 /aladdin/root/admin.php?s=/attribute/index.html
INFO: [ app_init ] --START--
INFO: Run Behavior\BuildLiteBehavior [ RunTime:0.000020s ]
INFO: Run Common\Behavior\InitHookBehavior [ RunTime:0.002763s ]
INFO: [ app_init ] --END-- [ RunTime:0.003802s ]
INFO: [ app_begin ] --START--
INFO: Run Behavior\ReadHtmlCacheBehavior [ RunTime:0.001111s ]
INFO: [ app_begin ] --END-- [ RunTime:0.001182s ]

[ 2016-02-24T18:32:31+08:00 ] 127.0.0.1 /aladdin/root/admin.php?s=/attribute/index.html
INFO: [ app_init ] --START--
INFO: Run Behavior\BuildLiteBehavior [ RunTime:0.000016s ]
INFO: Run Common\Behavior\InitHookBehavior [ RunTime:0.002864s ]
INFO: [ app_init ] --END-- [ RunTime:0.003411s ]
INFO: [ app_begin ] --START--
INFO: Run Behavior\ReadHtmlCacheBehavior [ RunTime:0.000844s ]
INFO: [ app_begin ] --END-- [ RunTime:0.000908s ]

[ 2016-02-24T18:33:30+08:00 ] 127.0.0.1 /aladdin/root/admin.php?s=/attribute/index.html
INFO: [ app_init ] --START--
INFO: Run Behavior\BuildLiteBehavior [ RunTime:0.000018s ]
INFO: Run Common\Behavior\InitHookBehavior [ RunTime:0.002615s ]
INFO: [ app_init ] --END-- [ RunTime:0.003308s ]
INFO: [ app_begin ] --START--
INFO: Run Behavior\ReadHtmlCacheBehavior [ RunTime:0.000881s ]
INFO: [ app_begin ] --END-- [ RunTime:0.000938s ]

[ 2016-02-24T18:34:15+08:00 ] 127.0.0.1 /aladdin/root/admin.php?s=/attribute/index.html
INFO: [ app_init ] --START--
INFO: Run Behavior\BuildLiteBehavior [ RunTime:0.000021s ]
INFO: Run Common\Behavior\InitHookBehavior [ RunTime:0.002712s ]
INFO: [ app_init ] --END-- [ RunTime:0.003298s ]
INFO: [ app_begin ] --START--
INFO: Run Behavior\ReadHtmlCacheBehavior [ RunTime:0.000803s ]
INFO: [ app_begin ] --END-- [ RunTime:0.000867s ]

[ 2016-02-24T18:34:34+08:00 ] 127.0.0.1 /aladdin/root/admin.php?s=/attribute/index.html
INFO: [ app_init ] --START--
INFO: Run Behavior\BuildLiteBehavior [ RunTime:0.000017s ]
INFO: Run Common\Behavior\InitHookBehavior [ RunTime:0.002804s ]
INFO: [ app_init ] --END-- [ RunTime:0.003354s ]
INFO: [ app_begin ] --START--
INFO: Run Behavior\ReadHtmlCacheBehavior [ RunTime:0.000844s ]
INFO: [ app_begin ] --END-- [ RunTime:0.000909s ]

[ 2016-02-24T18:34:59+08:00 ] 127.0.0.1 /aladdin/root/admin.php?s=/attribute/index.html
INFO: [ app_init ] --START--
INFO: Run Behavior\BuildLiteBehavior [ RunTime:0.000017s ]
INFO: Run Common\Behavior\InitHookBehavior [ RunTime:0.003481s ]
INFO: [ app_init ] --END-- [ RunTime:0.004024s ]
INFO: [ app_begin ] --START--
INFO: Run Behavior\ReadHtmlCacheBehavior [ RunTime:0.000804s ]
INFO: [ app_begin ] --END-- [ RunTime:0.000862s ]

[ 2016-02-24T18:36:20+08:00 ] 127.0.0.1 /aladdin/root/admin.php?s=/attribute/index.html
INFO: [ app_init ] --START--
INFO: Run Behavior\BuildLiteBehavior [ RunTime:0.000018s ]
INFO: Run Common\Behavior\InitHookBehavior [ RunTime:0.002654s ]
INFO: [ app_init ] --END-- [ RunTime:0.003208s ]
INFO: [ app_begin ] --START--
INFO: Run Behavior\ReadHtmlCacheBehavior [ RunTime:0.000894s ]
INFO: [ app_begin ] --END-- [ RunTime:0.000961s ]

[ 2016-02-24T18:36:25+08:00 ] 127.0.0.1 /aladdin/root/admin.php?s=/attribute/index.html
INFO: [ app_init ] --START--
INFO: Run Behavior\BuildLiteBehavior [ RunTime:0.000017s ]
INFO: Run Common\Behavior\InitHookBehavior [ RunTime:0.002723s ]
INFO: [ app_init ] --END-- [ RunTime:0.003270s ]
INFO: [ app_begin ] --START--
INFO: Run Behavior\ReadHtmlCacheBehavior [ RunTime:0.000906s ]
INFO: [ app_begin ] --END-- [ RunTime:0.000973s ]

[ 2016-02-24T18:37:01+08:00 ] 127.0.0.1 /aladdin/root/admin.php?s=/attribute/index.html
INFO: [ app_init ] --START--
INFO: Run Behavior\BuildLiteBehavior [ RunTime:0.000017s ]
INFO: Run Common\Behavior\InitHookBehavior [ RunTime:0.004535s ]
INFO: [ app_init ] --END-- [ RunTime:0.005327s ]
INFO: [ app_begin ] --START--
INFO: Run Behavior\ReadHtmlCacheBehavior [ RunTime:0.000832s ]
INFO: [ app_begin ] --END-- [ RunTime:0.000900s ]

[ 2016-02-24T18:38:12+08:00 ] 127.0.0.1 /aladdin/root/admin.php?s=/attribute/index.html
INFO: [ app_init ] --START--
INFO: Run Behavior\BuildLiteBehavior [ RunTime:0.000016s ]
INFO: Run Common\Behavior\InitHookBehavior [ RunTime:0.003317s ]
INFO: [ app_init ] --END-- [ RunTime:0.003901s ]
INFO: [ app_begin ] --START--
INFO: Run Behavior\ReadHtmlCacheBehavior [ RunTime:0.000875s ]
INFO: [ app_begin ] --END-- [ RunTime:0.000940s ]

[ 2016-02-24T18:43:58+08:00 ] 127.0.0.1 /aladdin/root/admin.php?s=/attribute/index.html
INFO: [ app_init ] --START--
INFO: Run Behavior\BuildLiteBehavior [ RunTime:0.000018s ]
INFO: Run Common\Behavior\InitHookBehavior [ RunTime:0.003809s ]
INFO: [ app_init ] --END-- [ RunTime:0.004668s ]
INFO: [ app_begin ] --START--
INFO: Run Behavior\ReadHtmlCacheBehavior [ RunTime:0.000827s ]
INFO: [ app_begin ] --END-- [ RunTime:0.000885s ]

[ 2016-02-24T18:44:42+08:00 ] 127.0.0.1 /aladdin/root/admin.php?s=/attribute/index.html
INFO: [ app_init ] --START--
INFO: Run Behavior\BuildLiteBehavior [ RunTime:0.000016s ]
INFO: Run Common\Behavior\InitHookBehavior [ RunTime:0.002600s ]
INFO: [ app_init ] --END-- [ RunTime:0.003147s ]
INFO: [ app_begin ] --START--
INFO: Run Behavior\ReadHtmlCacheBehavior [ RunTime:0.000931s ]
INFO: [ app_begin ] --END-- [ RunTime:0.000990s ]

[ 2016-02-24T18:45:04+08:00 ] 127.0.0.1 /aladdin/root/admin.php?s=/attribute/index.html
INFO: [ app_init ] --START--
INFO: Run Behavior\BuildLiteBehavior [ RunTime:0.000015s ]
INFO: Run Common\Behavior\InitHookBehavior [ RunTime:0.002894s ]
INFO: [ app_init ] --END-- [ RunTime:0.003441s ]
INFO: [ app_begin ] --START--
INFO: Run Behavior\ReadHtmlCacheBehavior [ RunTime:0.000840s ]
INFO: [ app_begin ] --END-- [ RunTime:0.000903s ]

[ 2016-02-24T18:47:09+08:00 ] 127.0.0.1 /aladdin/root/admin.php?s=/attribute/index.html
INFO: [ app_init ] --START--
INFO: Run Behavior\BuildLiteBehavior [ RunTime:0.000016s ]
INFO: Run Common\Behavior\InitHookBehavior [ RunTime:0.002610s ]
INFO: [ app_init ] --END-- [ RunTime:0.003213s ]
INFO: [ app_begin ] --START--
INFO: Run Behavior\ReadHtmlCacheBehavior [ RunTime:0.000872s ]
INFO: [ app_begin ] --END-- [ RunTime:0.000927s ]

[ 2016-02-24T18:52:52+08:00 ] 127.0.0.1 /aladdin/root/admin.php?s=/attribute/index.html
INFO: [ app_init ] --START--
INFO: Run Behavior\BuildLiteBehavior [ RunTime:0.000015s ]
INFO: Run Common\Behavior\InitHookBehavior [ RunTime:0.004010s ]
INFO: [ app_init ] --END-- [ RunTime:0.004678s ]
INFO: [ app_begin ] --START--
INFO: Run Behavior\ReadHtmlCacheBehavior [ RunTime:0.000808s ]
INFO: [ app_begin ] --END-- [ RunTime:0.000864s ]

