[ 2016-02-29T09:33:08+08:00 ] 127.0.0.1 /aladdin/root/admin.php?s=/public/login.html
INFO: [ app_init ] --START--
INFO: Run Behavior\BuildLiteBehavior [ RunTime:0.000019s ]
INFO: Run Common\Behavior\InitHookBehavior [ RunTime:0.005319s ]
INFO: [ app_init ] --END-- [ RunTime:0.006266s ]
INFO: [ app_begin ] --START--
INFO: Run Behavior\ReadHtmlCacheBehavior [ RunTime:0.001128s ]
INFO: [ app_begin ] --END-- [ RunTime:0.001190s ]

[ 2016-02-29T09:33:08+08:00 ] 127.0.0.1 /aladdin/root/admin.php?s=/public/verify.html
INFO: [ app_init ] --START--
INFO: Run Behavior\BuildLiteBehavior [ RunTime:0.000022s ]
INFO: Run Common\Behavior\InitHookBehavior [ RunTime:0.003794s ]
INFO: [ app_init ] --END-- [ RunTime:0.004593s ]
INFO: [ app_begin ] --START--
INFO: Run Behavior\ReadHtmlCacheBehavior [ RunTime:0.001235s ]
INFO: [ app_begin ] --END-- [ RunTime:0.001316s ]

[ 2016-02-29T09:33:51+08:00 ] 127.0.0.1 /aladdin/root/admin.php?s=/public/login.html
INFO: [ app_init ] --START--
INFO: Run Behavior\BuildLiteBehavior [ RunTime:0.000017s ]
INFO: Run Common\Behavior\InitHookBehavior [ RunTime:0.003218s ]
INFO: [ app_init ] --END-- [ RunTime:0.003775s ]
INFO: [ app_begin ] --START--
INFO: Run Behavior\ReadHtmlCacheBehavior [ RunTime:0.000889s ]
INFO: [ app_begin ] --END-- [ RunTime:0.000953s ]
SQL: SHOW COLUMNS FROM `t_member` [ RunTime:0.0146s ]
SQL: SELECT `uid`,`nickname`,`headimgurl`,`sex`,`birthday`,`qq`,`score`,`login`,`reg_ip`,`reg_time`,`last_login_ip`,`last_login_time`,`update_time`,`status` FROM `t_member` WHERE `uid` = 1 LIMIT 1   [ RunTime:0.0013s ]
SQL: SHOW COLUMNS FROM `t_action` [ RunTime:0.0089s ]
SQL: SELECT * FROM `t_action` WHERE `name` = 'user_login' LIMIT 1   [ RunTime:0.0007s ]
SQL: SHOW COLUMNS FROM `t_action_log` [ RunTime:0.0087s ]
SQL: INSERT INTO `t_action_log` (`action_id`,`user_id`,`action_ip`,`model`,`record_id`,`create_time`,`remark`) VALUES ('1','1','2130706433','member','1','1456709630','root在2016-02-29 09:33:50登录了后台') [ RunTime:0.0054s ]
SQL: SELECT * FROM `t_action` WHERE `name` = 'user_login' LIMIT 1   [ RunTime:0.0006s ]
NOTIC: [8] Undefined offset: 1 D:\amp\apache\htdocs\aladdin\Application\Common\Common\function.php 第 737 行.
NOTIC: [2] array_key_exists() expects parameter 2 to be array, null given D:\amp\apache\htdocs\aladdin\Application\Common\Common\function.php 第 737 行.
SQL: SELECT COUNT(*) AS tp_count FROM `t_action_log` WHERE `action_id` = 1 AND `user_id` = 1 AND `create_time` > 1456623230 LIMIT 1   [ RunTime:0.0013s ]
SQL: UPDATE `t_member` SET `login`=`login`+1,`last_login_time`='1456709630',`last_login_ip`='2130706433' WHERE `uid` = 1 [ RunTime:0.0047s ]

[ 2016-02-29T09:33:54+08:00 ] 127.0.0.1 /aladdin/root/admin.php?s=/index/index.html
INFO: [ app_init ] --START--
INFO: Run Behavior\BuildLiteBehavior [ RunTime:0.000026s ]
INFO: Run Common\Behavior\InitHookBehavior [ RunTime:0.004499s ]
INFO: [ app_init ] --END-- [ RunTime:0.005291s ]
INFO: [ app_begin ] --START--
INFO: Run Behavior\ReadHtmlCacheBehavior [ RunTime:0.001239s ]
INFO: [ app_begin ] --END-- [ RunTime:0.001377s ]

[ 2016-02-29T09:34:07+08:00 ] 127.0.0.1 /aladdin/root/admin.php?s=/member/index.html
INFO: [ app_init ] --START--
INFO: Run Behavior\BuildLiteBehavior [ RunTime:0.000017s ]
INFO: Run Common\Behavior\InitHookBehavior [ RunTime:0.002659s ]
INFO: [ app_init ] --END-- [ RunTime:0.003198s ]
INFO: [ app_begin ] --START--
INFO: Run Behavior\ReadHtmlCacheBehavior [ RunTime:0.000801s ]
INFO: [ app_begin ] --END-- [ RunTime:0.000857s ]

[ 2016-02-29T09:35:11+08:00 ] 127.0.0.1 /aladdin/root/admin.php?s=/member/index.html
INFO: [ app_init ] --START--
INFO: Run Behavior\BuildLiteBehavior [ RunTime:0.000017s ]
INFO: Run Common\Behavior\InitHookBehavior [ RunTime:0.002676s ]
INFO: [ app_init ] --END-- [ RunTime:0.003240s ]
INFO: [ app_begin ] --START--
INFO: Run Behavior\ReadHtmlCacheBehavior [ RunTime:0.000800s ]
INFO: [ app_begin ] --END-- [ RunTime:0.000867s ]

[ 2016-02-29T09:35:49+08:00 ] 127.0.0.1 /aladdin/root/admin.php?s=/member/index.html
INFO: [ app_init ] --START--
INFO: Run Behavior\BuildLiteBehavior [ RunTime:0.000017s ]
INFO: Run Common\Behavior\InitHookBehavior [ RunTime:0.002574s ]
INFO: [ app_init ] --END-- [ RunTime:0.003104s ]
INFO: [ app_begin ] --START--
INFO: Run Behavior\ReadHtmlCacheBehavior [ RunTime:0.001454s ]
INFO: [ app_begin ] --END-- [ RunTime:0.001838s ]

[ 2016-02-29T09:40:22+08:00 ] 127.0.0.1 /aladdin/root/admin.php?s=/member/index.html
INFO: [ app_init ] --START--
INFO: Run Behavior\BuildLiteBehavior [ RunTime:0.000038s ]
INFO: Run Common\Behavior\InitHookBehavior [ RunTime:0.003582s ]
INFO: [ app_init ] --END-- [ RunTime:0.004735s ]
INFO: [ app_begin ] --START--
INFO: Run Behavior\ReadHtmlCacheBehavior [ RunTime:0.000905s ]
INFO: [ app_begin ] --END-- [ RunTime:0.000967s ]

[ 2016-02-29T09:40:46+08:00 ] 127.0.0.1 /aladdin/root/admin.php?s=/menu/index.html
INFO: [ app_init ] --START--
INFO: Run Behavior\BuildLiteBehavior [ RunTime:0.000016s ]
INFO: Run Common\Behavior\InitHookBehavior [ RunTime:0.003346s ]
INFO: [ app_init ] --END-- [ RunTime:0.003900s ]
INFO: [ app_begin ] --START--
INFO: Run Behavior\ReadHtmlCacheBehavior [ RunTime:0.001562s ]
INFO: [ app_begin ] --END-- [ RunTime:0.001666s ]

[ 2016-02-29T09:46:22+08:00 ] 127.0.0.1 /aladdin/root/admin.php?s=/member/index.html
INFO: [ app_init ] --START--
INFO: Run Behavior\BuildLiteBehavior [ RunTime:0.000042s ]
INFO: Run Common\Behavior\InitHookBehavior [ RunTime:0.007145s ]
INFO: [ app_init ] --END-- [ RunTime:0.008608s ]
INFO: [ app_begin ] --START--
INFO: Run Behavior\ReadHtmlCacheBehavior [ RunTime:0.002390s ]
INFO: [ app_begin ] --END-- [ RunTime:0.002556s ]

[ 2016-02-29T09:47:47+08:00 ] 127.0.0.1 /aladdin/root/admin.php?s=/member/index.html
INFO: [ app_init ] --START--
INFO: Run Behavior\BuildLiteBehavior [ RunTime:0.000019s ]
INFO: Run Common\Behavior\InitHookBehavior [ RunTime:0.005453s ]
INFO: [ app_init ] --END-- [ RunTime:0.006170s ]
INFO: [ app_begin ] --START--
INFO: Run Behavior\ReadHtmlCacheBehavior [ RunTime:0.000879s ]
INFO: [ app_begin ] --END-- [ RunTime:0.000942s ]

[ 2016-02-29T09:50:35+08:00 ] 127.0.0.1 /aladdin/root/admin.php?s=/user/paasusers.html
INFO: [ app_init ] --START--
INFO: Run Behavior\BuildLiteBehavior [ RunTime:0.000017s ]
INFO: Run Common\Behavior\InitHookBehavior [ RunTime:0.002998s ]
INFO: [ app_init ] --END-- [ RunTime:0.003567s ]
INFO: [ app_begin ] --START--
INFO: Run Behavior\ReadHtmlCacheBehavior [ RunTime:0.001175s ]
INFO: [ app_begin ] --END-- [ RunTime:0.001265s ]

[ 2016-02-29T09:50:41+08:00 ] 127.0.0.1 /aladdin/root/admin.php?s=/user/paasuview/id/30.html
INFO: [ app_init ] --START--
INFO: Run Behavior\BuildLiteBehavior [ RunTime:0.000016s ]
INFO: Run Common\Behavior\InitHookBehavior [ RunTime:0.002615s ]
INFO: [ app_init ] --END-- [ RunTime:0.003139s ]
INFO: [ app_begin ] --START--
INFO: Run Behavior\ReadHtmlCacheBehavior [ RunTime:0.000848s ]
INFO: [ app_begin ] --END-- [ RunTime:0.000911s ]

[ 2016-02-29T11:52:04+08:00 ] 127.0.0.1 /aladdin/root/admin.php?s=/user/paasuview/id/30.html
INFO: [ app_init ] --START--
INFO: Run Behavior\BuildLiteBehavior [ RunTime:0.000016s ]
INFO: Run Common\Behavior\InitHookBehavior [ RunTime:0.002781s ]
INFO: [ app_init ] --END-- [ RunTime:0.003379s ]
INFO: [ app_begin ] --START--
INFO: Run Behavior\ReadHtmlCacheBehavior [ RunTime:0.000885s ]
INFO: [ app_begin ] --END-- [ RunTime:0.000954s ]

[ 2016-02-29T11:52:07+08:00 ] 127.0.0.1 /aladdin/root/admin.php?s=/member/index.html
INFO: [ app_init ] --START--
INFO: Run Behavior\BuildLiteBehavior [ RunTime:0.000016s ]
INFO: Run Common\Behavior\InitHookBehavior [ RunTime:0.002868s ]
INFO: [ app_init ] --END-- [ RunTime:0.003436s ]
INFO: [ app_begin ] --START--
INFO: Run Behavior\ReadHtmlCacheBehavior [ RunTime:0.000781s ]
INFO: [ app_begin ] --END-- [ RunTime:0.000846s ]

[ 2016-02-29T11:52:53+08:00 ] 127.0.0.1 /aladdin/root/admin.php?s=/member/index.html
INFO: [ app_init ] --START--
INFO: Run Behavior\BuildLiteBehavior [ RunTime:0.000018s ]
INFO: Run Common\Behavior\InitHookBehavior [ RunTime:0.004588s ]
INFO: [ app_init ] --END-- [ RunTime:0.005324s ]
INFO: [ app_begin ] --START--
INFO: Run Behavior\ReadHtmlCacheBehavior [ RunTime:0.000871s ]
INFO: [ app_begin ] --END-- [ RunTime:0.000931s ]

[ 2016-02-29T11:53:08+08:00 ] 127.0.0.1 /aladdin/root/admin.php?s=/member/index.html
INFO: [ app_init ] --START--
INFO: Run Behavior\BuildLiteBehavior [ RunTime:0.000015s ]
INFO: Run Common\Behavior\InitHookBehavior [ RunTime:0.003518s ]
INFO: [ app_init ] --END-- [ RunTime:0.004066s ]
INFO: [ app_begin ] --START--
INFO: Run Behavior\ReadHtmlCacheBehavior [ RunTime:0.000915s ]
INFO: [ app_begin ] --END-- [ RunTime:0.000979s ]

[ 2016-02-29T11:53:47+08:00 ] 127.0.0.1 /aladdin/root/admin.php?s=/member/index.html
INFO: [ app_init ] --START--
INFO: Run Behavior\BuildLiteBehavior [ RunTime:0.000016s ]
INFO: Run Common\Behavior\InitHookBehavior [ RunTime:0.002570s ]
INFO: [ app_init ] --END-- [ RunTime:0.003112s ]
INFO: [ app_begin ] --START--
INFO: Run Behavior\ReadHtmlCacheBehavior [ RunTime:0.000827s ]
INFO: [ app_begin ] --END-- [ RunTime:0.000881s ]

[ 2016-02-29T11:56:02+08:00 ] 127.0.0.1 /aladdin/root/admin.php?s=/member/index.html
INFO: [ app_init ] --START--
INFO: Run Behavior\BuildLiteBehavior [ RunTime:0.000015s ]
INFO: Run Common\Behavior\InitHookBehavior [ RunTime:0.002669s ]
INFO: [ app_init ] --END-- [ RunTime:0.003220s ]
INFO: [ app_begin ] --START--
INFO: Run Behavior\ReadHtmlCacheBehavior [ RunTime:0.000859s ]
INFO: [ app_begin ] --END-- [ RunTime:0.000920s ]

[ 2016-02-29T12:54:00+08:00 ] 127.0.0.1 /aladdin/root/admin.php?s=/member/index.html
INFO: [ app_init ] --START--
INFO: Run Behavior\BuildLiteBehavior [ RunTime:0.000016s ]
INFO: Run Common\Behavior\InitHookBehavior [ RunTime:0.002681s ]
INFO: [ app_init ] --END-- [ RunTime:0.003220s ]
INFO: [ app_begin ] --START--
INFO: Run Behavior\ReadHtmlCacheBehavior [ RunTime:0.000846s ]
INFO: [ app_begin ] --END-- [ RunTime:0.000912s ]

[ 2016-02-29T14:04:13+08:00 ] 127.0.0.1 /aladdin/root/admin.php?s=/member/index.html
INFO: [ app_init ] --START--
INFO: Run Behavior\BuildLiteBehavior [ RunTime:0.000016s ]
INFO: Run Common\Behavior\InitHookBehavior [ RunTime:0.002609s ]
INFO: [ app_init ] --END-- [ RunTime:0.003140s ]
INFO: [ app_begin ] --START--
INFO: Run Behavior\ReadHtmlCacheBehavior [ RunTime:0.000914s ]
INFO: [ app_begin ] --END-- [ RunTime:0.000981s ]

[ 2016-02-29T14:04:17+08:00 ] 127.0.0.1 /aladdin/root/admin.php?s=/member/index.html
INFO: [ app_init ] --START--
INFO: Run Behavior\BuildLiteBehavior [ RunTime:0.000022s ]
INFO: Run Common\Behavior\InitHookBehavior [ RunTime:0.004137s ]
INFO: [ app_init ] --END-- [ RunTime:0.005210s ]
INFO: [ app_begin ] --START--
INFO: Run Behavior\ReadHtmlCacheBehavior [ RunTime:0.001235s ]
INFO: [ app_begin ] --END-- [ RunTime:0.001332s ]

[ 2016-02-29T14:05:13+08:00 ] 127.0.0.1 /aladdin/root/admin.php?s=/member/index.html
INFO: [ app_init ] --START--
INFO: Run Behavior\BuildLiteBehavior [ RunTime:0.000016s ]
INFO: Run Common\Behavior\InitHookBehavior [ RunTime:0.002574s ]
INFO: [ app_init ] --END-- [ RunTime:0.003101s ]
INFO: [ app_begin ] --START--
INFO: Run Behavior\ReadHtmlCacheBehavior [ RunTime:0.000867s ]
INFO: [ app_begin ] --END-- [ RunTime:0.000929s ]

[ 2016-02-29T14:06:41+08:00 ] 127.0.0.1 /aladdin/root/admin.php?s=/member/index.html
INFO: [ app_init ] --START--
INFO: Run Behavior\BuildLiteBehavior [ RunTime:0.000016s ]
INFO: Run Common\Behavior\InitHookBehavior [ RunTime:0.002886s ]
INFO: [ app_init ] --END-- [ RunTime:0.003432s ]
INFO: [ app_begin ] --START--
INFO: Run Behavior\ReadHtmlCacheBehavior [ RunTime:0.002161s ]
INFO: [ app_begin ] --END-- [ RunTime:0.002245s ]

[ 2016-02-29T16:04:54+08:00 ] 127.0.0.1 /aladdin/root/admin.php?s=/config/group.html
INFO: [ app_init ] --START--
INFO: Run Behavior\BuildLiteBehavior [ RunTime:0.000016s ]
INFO: Run Common\Behavior\InitHookBehavior [ RunTime:0.002601s ]
INFO: [ app_init ] --END-- [ RunTime:0.003216s ]
INFO: [ app_begin ] --START--
INFO: Run Behavior\ReadHtmlCacheBehavior [ RunTime:0.000893s ]
INFO: [ app_begin ] --END-- [ RunTime:0.000956s ]

[ 2016-02-29T16:06:30+08:00 ] 127.0.0.1 /aladdin/root/admin.php?s=/index/index.html
INFO: [ app_init ] --START--
INFO: Run Behavior\BuildLiteBehavior [ RunTime:0.000015s ]
INFO: Run Common\Behavior\InitHookBehavior [ RunTime:0.002586s ]
INFO: [ app_init ] --END-- [ RunTime:0.003118s ]
INFO: [ app_begin ] --START--
INFO: Run Behavior\ReadHtmlCacheBehavior [ RunTime:0.000864s ]
INFO: [ app_begin ] --END-- [ RunTime:0.000921s ]

[ 2016-02-29T16:13:25+08:00 ] 127.0.0.1 /aladdin/root/admin.php?s=/member/index.html
INFO: [ app_init ] --START--
INFO: Run Behavior\BuildLiteBehavior [ RunTime:0.000019s ]
INFO: Run Common\Behavior\InitHookBehavior [ RunTime:0.005727s ]
INFO: [ app_init ] --END-- [ RunTime:0.006280s ]
INFO: [ app_begin ] --START--
INFO: Run Behavior\ReadHtmlCacheBehavior [ RunTime:0.000902s ]
INFO: [ app_begin ] --END-- [ RunTime:0.000974s ]

[ 2016-02-29T16:15:09+08:00 ] 127.0.0.1 /aladdin/root/admin.php?s=/member/index.html
INFO: [ app_init ] --START--
INFO: Run Behavior\BuildLiteBehavior [ RunTime:0.000017s ]
INFO: Run Common\Behavior\InitHookBehavior [ RunTime:0.002646s ]
INFO: [ app_init ] --END-- [ RunTime:0.003192s ]
INFO: [ app_begin ] --START--
INFO: Run Behavior\ReadHtmlCacheBehavior [ RunTime:0.000781s ]
INFO: [ app_begin ] --END-- [ RunTime:0.000836s ]

[ 2016-02-29T16:16:37+08:00 ] 127.0.0.1 /aladdin/root/admin.php?s=/member/detail/id/135.html
INFO: [ app_init ] --START--
INFO: Run Behavior\BuildLiteBehavior [ RunTime:0.000015s ]
INFO: Run Common\Behavior\InitHookBehavior [ RunTime:0.003051s ]
INFO: [ app_init ] --END-- [ RunTime:0.003594s ]
INFO: [ app_begin ] --START--
INFO: Run Behavior\ReadHtmlCacheBehavior [ RunTime:0.000771s ]
INFO: [ app_begin ] --END-- [ RunTime:0.000834s ]

[ 2016-02-29T16:17:55+08:00 ] 127.0.0.1 /aladdin/root/admin.php?s=/member/index.html
INFO: [ app_init ] --START--
INFO: Run Behavior\BuildLiteBehavior [ RunTime:0.000021s ]
INFO: Run Common\Behavior\InitHookBehavior [ RunTime:0.003734s ]
INFO: [ app_init ] --END-- [ RunTime:0.004421s ]
INFO: [ app_begin ] --START--
INFO: Run Behavior\ReadHtmlCacheBehavior [ RunTime:0.001631s ]
INFO: [ app_begin ] --END-- [ RunTime:0.001723s ]

[ 2016-02-29T16:18:01+08:00 ] 127.0.0.1 /aladdin/root/admin.php?s=/member/detail/id/135.html
INFO: [ app_init ] --START--
INFO: Run Behavior\BuildLiteBehavior [ RunTime:0.000016s ]
INFO: Run Common\Behavior\InitHookBehavior [ RunTime:0.003869s ]
INFO: [ app_init ] --END-- [ RunTime:0.004453s ]
INFO: [ app_begin ] --START--
INFO: Run Behavior\ReadHtmlCacheBehavior [ RunTime:0.000804s ]
INFO: [ app_begin ] --END-- [ RunTime:0.000864s ]

[ 2016-02-29T16:19:59+08:00 ] 127.0.0.1 /aladdin/root/admin.php?s=/user/paasusers.html&nickname=cici&mobile=&limit=0
INFO: [ app_init ] --START--
INFO: Run Behavior\BuildLiteBehavior [ RunTime:0.000017s ]
INFO: Run Common\Behavior\InitHookBehavior [ RunTime:0.003174s ]
INFO: [ app_init ] --END-- [ RunTime:0.003731s ]
INFO: [ app_begin ] --START--
INFO: Run Behavior\ReadHtmlCacheBehavior [ RunTime:0.000784s ]
INFO: [ app_begin ] --END-- [ RunTime:0.000840s ]

[ 2016-02-29T16:20:35+08:00 ] 127.0.0.1 /aladdin/root/admin.php?s=/user/paasusers.html&nickname=cici&mobile=0&limit=0
INFO: [ app_init ] --START--
INFO: Run Behavior\BuildLiteBehavior [ RunTime:0.000016s ]
INFO: Run Common\Behavior\InitHookBehavior [ RunTime:0.002545s ]
INFO: [ app_init ] --END-- [ RunTime:0.003068s ]
INFO: [ app_begin ] --START--
INFO: Run Behavior\ReadHtmlCacheBehavior [ RunTime:0.001229s ]
INFO: [ app_begin ] --END-- [ RunTime:0.001471s ]

[ 2016-02-29T16:25:13+08:00 ] 127.0.0.1 /aladdin/root/admin.php?s=/user/paasusers.html&nickname=cici&mobile=0&limit=0
INFO: [ app_init ] --START--
INFO: Run Behavior\BuildLiteBehavior [ RunTime:0.000017s ]
INFO: Run Common\Behavior\InitHookBehavior [ RunTime:0.003170s ]
INFO: [ app_init ] --END-- [ RunTime:0.003828s ]
INFO: [ app_begin ] --START--
INFO: Run Behavior\ReadHtmlCacheBehavior [ RunTime:0.002569s ]
INFO: [ app_begin ] --END-- [ RunTime:0.002731s ]

[ 2016-02-29T16:58:48+08:00 ] 127.0.0.1 /aladdin/root/admin.php?s=/member/index.html
INFO: [ app_init ] --START--
INFO: Run Behavior\BuildLiteBehavior [ RunTime:0.000016s ]
INFO: Run Common\Behavior\InitHookBehavior [ RunTime:0.002899s ]
INFO: [ app_init ] --END-- [ RunTime:0.003461s ]
INFO: [ app_begin ] --START--
INFO: Run Behavior\ReadHtmlCacheBehavior [ RunTime:0.000918s ]
INFO: [ app_begin ] --END-- [ RunTime:0.000981s ]

[ 2016-02-29T16:59:06+08:00 ] 127.0.0.1 /aladdin/root/admin.php?s=/member/index.html
INFO: [ app_init ] --START--
INFO: Run Behavior\BuildLiteBehavior [ RunTime:0.000023s ]
INFO: Run Common\Behavior\InitHookBehavior [ RunTime:0.003109s ]
INFO: [ app_init ] --END-- [ RunTime:0.003896s ]
INFO: [ app_begin ] --START--
INFO: Run Behavior\ReadHtmlCacheBehavior [ RunTime:0.000860s ]
INFO: [ app_begin ] --END-- [ RunTime:0.000918s ]

[ 2016-02-29T17:00:11+08:00 ] 127.0.0.1 /aladdin/root/admin.php?s=/member/index.html
INFO: [ app_init ] --START--
INFO: Run Behavior\BuildLiteBehavior [ RunTime:0.000017s ]
INFO: Run Common\Behavior\InitHookBehavior [ RunTime:0.002707s ]
INFO: [ app_init ] --END-- [ RunTime:0.003273s ]
INFO: [ app_begin ] --START--
INFO: Run Behavior\ReadHtmlCacheBehavior [ RunTime:0.000847s ]
INFO: [ app_begin ] --END-- [ RunTime:0.000905s ]

[ 2016-02-29T17:10:50+08:00 ] 127.0.0.1 /aladdin/root/admin.php?s=/member/index.html
INFO: [ app_init ] --START--
INFO: Run Behavior\BuildLiteBehavior [ RunTime:0.000016s ]
INFO: Run Common\Behavior\InitHookBehavior [ RunTime:0.002576s ]
INFO: [ app_init ] --END-- [ RunTime:0.003118s ]
INFO: [ app_begin ] --START--
INFO: Run Behavior\ReadHtmlCacheBehavior [ RunTime:0.000872s ]
INFO: [ app_begin ] --END-- [ RunTime:0.000934s ]

[ 2016-02-29T17:14:19+08:00 ] 127.0.0.1 /aladdin/root/admin.php?s=/member/index.html
INFO: [ app_init ] --START--
INFO: Run Behavior\BuildLiteBehavior [ RunTime:0.000017s ]
INFO: Run Common\Behavior\InitHookBehavior [ RunTime:0.002930s ]
INFO: [ app_init ] --END-- [ RunTime:0.003518s ]
INFO: [ app_begin ] --START--
INFO: Run Behavior\ReadHtmlCacheBehavior [ RunTime:0.001221s ]
INFO: [ app_begin ] --END-- [ RunTime:0.001303s ]

[ 2016-02-29T17:14:32+08:00 ] 127.0.0.1 /aladdin/root/admin.php?s=/member/index.html
INFO: [ app_init ] --START--
INFO: Run Behavior\BuildLiteBehavior [ RunTime:0.000017s ]
INFO: Run Common\Behavior\InitHookBehavior [ RunTime:0.002717s ]
INFO: [ app_init ] --END-- [ RunTime:0.003296s ]
INFO: [ app_begin ] --START--
INFO: Run Behavior\ReadHtmlCacheBehavior [ RunTime:0.000797s ]
INFO: [ app_begin ] --END-- [ RunTime:0.000855s ]

[ 2016-02-29T17:15:54+08:00 ] 127.0.0.1 /aladdin/root/admin.php?s=/member/index.html
INFO: [ app_init ] --START--
INFO: Run Behavior\BuildLiteBehavior [ RunTime:0.000016s ]
INFO: Run Common\Behavior\InitHookBehavior [ RunTime:0.002973s ]
INFO: [ app_init ] --END-- [ RunTime:0.003519s ]
INFO: [ app_begin ] --START--
INFO: Run Behavior\ReadHtmlCacheBehavior [ RunTime:0.001015s ]
INFO: [ app_begin ] --END-- [ RunTime:0.001084s ]

[ 2016-02-29T17:20:38+08:00 ] 127.0.0.1 /aladdin/root/admin.php?s=/member/index.html
INFO: [ app_init ] --START--
INFO: Run Behavior\BuildLiteBehavior [ RunTime:0.000024s ]
INFO: Run Common\Behavior\InitHookBehavior [ RunTime:0.004213s ]
INFO: [ app_init ] --END-- [ RunTime:0.005018s ]
INFO: [ app_begin ] --START--
INFO: Run Behavior\ReadHtmlCacheBehavior [ RunTime:0.000806s ]
INFO: [ app_begin ] --END-- [ RunTime:0.000874s ]

[ 2016-02-29T17:23:54+08:00 ] 127.0.0.1 /aladdin/root/admin.php?s=/member/index.html
INFO: [ app_init ] --START--
INFO: Run Behavior\BuildLiteBehavior [ RunTime:0.000016s ]
INFO: Run Common\Behavior\InitHookBehavior [ RunTime:0.002768s ]
INFO: [ app_init ] --END-- [ RunTime:0.003307s ]
INFO: [ app_begin ] --START--
INFO: Run Behavior\ReadHtmlCacheBehavior [ RunTime:0.000923s ]
INFO: [ app_begin ] --END-- [ RunTime:0.000987s ]

[ 2016-02-29T17:28:12+08:00 ] 127.0.0.1 /aladdin/root/admin.php?s=/member/index.html
INFO: [ app_init ] --START--
INFO: Run Behavior\BuildLiteBehavior [ RunTime:0.000016s ]
INFO: Run Common\Behavior\InitHookBehavior [ RunTime:0.004331s ]
INFO: [ app_init ] --END-- [ RunTime:0.004876s ]
INFO: [ app_begin ] --START--
INFO: Run Behavior\ReadHtmlCacheBehavior [ RunTime:0.000786s ]
INFO: [ app_begin ] --END-- [ RunTime:0.000842s ]

[ 2016-02-29T17:29:54+08:00 ] 127.0.0.1 /aladdin/root/admin.php?s=/member/index.html
INFO: [ app_init ] --START--
INFO: Run Behavior\BuildLiteBehavior [ RunTime:0.000024s ]
INFO: Run Common\Behavior\InitHookBehavior [ RunTime:0.003649s ]
INFO: [ app_init ] --END-- [ RunTime:0.004417s ]
INFO: [ app_begin ] --START--
INFO: Run Behavior\ReadHtmlCacheBehavior [ RunTime:0.001085s ]
INFO: [ app_begin ] --END-- [ RunTime:0.001168s ]

[ 2016-02-29T17:34:04+08:00 ] 127.0.0.1 /aladdin/root/admin.php?s=/member/index.html
INFO: [ app_init ] --START--
INFO: Run Behavior\BuildLiteBehavior [ RunTime:0.000016s ]
INFO: Run Common\Behavior\InitHookBehavior [ RunTime:0.002896s ]
INFO: [ app_init ] --END-- [ RunTime:0.003508s ]
INFO: [ app_begin ] --START--
INFO: Run Behavior\ReadHtmlCacheBehavior [ RunTime:0.000889s ]
INFO: [ app_begin ] --END-- [ RunTime:0.000957s ]

[ 2016-02-29T17:36:39+08:00 ] 127.0.0.1 /aladdin/root/admin.php?s=/member/index.html
INFO: [ app_init ] --START--
INFO: Run Behavior\BuildLiteBehavior [ RunTime:0.000058s ]
INFO: Run Common\Behavior\InitHookBehavior [ RunTime:0.010925s ]
INFO: [ app_init ] --END-- [ RunTime:0.014326s ]
INFO: [ app_begin ] --START--
INFO: Run Behavior\ReadHtmlCacheBehavior [ RunTime:0.000865s ]
INFO: [ app_begin ] --END-- [ RunTime:0.000930s ]

[ 2016-02-29T17:39:18+08:00 ] 127.0.0.1 /aladdin/root/admin.php?s=/member/index.html
INFO: [ app_init ] --START--
INFO: Run Behavior\BuildLiteBehavior [ RunTime:0.000023s ]
INFO: Run Common\Behavior\InitHookBehavior [ RunTime:0.002807s ]
INFO: [ app_init ] --END-- [ RunTime:0.003803s ]
INFO: [ app_begin ] --START--
INFO: Run Behavior\ReadHtmlCacheBehavior [ RunTime:0.000927s ]
INFO: [ app_begin ] --END-- [ RunTime:0.001002s ]

[ 2016-02-29T17:41:23+08:00 ] 127.0.0.1 /aladdin/root/admin.php?s=/member/index.html
INFO: [ app_init ] --START--
INFO: Run Behavior\BuildLiteBehavior [ RunTime:0.000017s ]
INFO: Run Common\Behavior\InitHookBehavior [ RunTime:0.002569s ]
INFO: [ app_init ] --END-- [ RunTime:0.003114s ]
INFO: [ app_begin ] --START--
INFO: Run Behavior\ReadHtmlCacheBehavior [ RunTime:0.001166s ]
INFO: [ app_begin ] --END-- [ RunTime:0.001238s ]

[ 2016-02-29T17:42:20+08:00 ] 127.0.0.1 /aladdin/root/admin.php?s=/member/index.html
INFO: [ app_init ] --START--
INFO: Run Behavior\BuildLiteBehavior [ RunTime:0.000024s ]
INFO: Run Common\Behavior\InitHookBehavior [ RunTime:0.003880s ]
INFO: [ app_init ] --END-- [ RunTime:0.004644s ]
INFO: [ app_begin ] --START--
INFO: Run Behavior\ReadHtmlCacheBehavior [ RunTime:0.000810s ]
INFO: [ app_begin ] --END-- [ RunTime:0.000877s ]

[ 2016-02-29T17:43:01+08:00 ] 127.0.0.1 /aladdin/root/admin.php?s=/member/index.html
INFO: [ app_init ] --START--
INFO: Run Behavior\BuildLiteBehavior [ RunTime:0.000018s ]
INFO: Run Common\Behavior\InitHookBehavior [ RunTime:0.002871s ]
INFO: [ app_init ] --END-- [ RunTime:0.003444s ]
INFO: [ app_begin ] --START--
INFO: Run Behavior\ReadHtmlCacheBehavior [ RunTime:0.001302s ]
INFO: [ app_begin ] --END-- [ RunTime:0.001371s ]

[ 2016-02-29T17:44:55+08:00 ] 127.0.0.1 /aladdin/root/admin.php?s=/member/index.html
INFO: [ app_init ] --START--
INFO: Run Behavior\BuildLiteBehavior [ RunTime:0.000017s ]
INFO: Run Common\Behavior\InitHookBehavior [ RunTime:0.002736s ]
INFO: [ app_init ] --END-- [ RunTime:0.003300s ]
INFO: [ app_begin ] --START--
INFO: Run Behavior\ReadHtmlCacheBehavior [ RunTime:0.000858s ]
INFO: [ app_begin ] --END-- [ RunTime:0.000925s ]

[ 2016-02-29T17:49:03+08:00 ] 127.0.0.1 /aladdin/root/admin.php?s=/member/index.html
INFO: [ app_init ] --START--
INFO: Run Behavior\BuildLiteBehavior [ RunTime:0.000019s ]
INFO: Run Common\Behavior\InitHookBehavior [ RunTime:0.002681s ]
INFO: [ app_init ] --END-- [ RunTime:0.003253s ]
INFO: [ app_begin ] --START--
INFO: Run Behavior\ReadHtmlCacheBehavior [ RunTime:0.001896s ]
INFO: [ app_begin ] --END-- [ RunTime:0.001964s ]

[ 2016-02-29T17:50:09+08:00 ] 127.0.0.1 /aladdin/root/admin.php?s=/member/index.html
INFO: [ app_init ] --START--
INFO: Run Behavior\BuildLiteBehavior [ RunTime:0.000016s ]
INFO: Run Common\Behavior\InitHookBehavior [ RunTime:0.002825s ]
INFO: [ app_init ] --END-- [ RunTime:0.003382s ]
INFO: [ app_begin ] --START--
INFO: Run Behavior\ReadHtmlCacheBehavior [ RunTime:0.000993s ]
INFO: [ app_begin ] --END-- [ RunTime:0.001059s ]

[ 2016-02-29T17:51:02+08:00 ] 127.0.0.1 /aladdin/root/admin.php?s=/member/index.html
INFO: [ app_init ] --START--
INFO: Run Behavior\BuildLiteBehavior [ RunTime:0.000027s ]
INFO: Run Common\Behavior\InitHookBehavior [ RunTime:0.002657s ]
INFO: [ app_init ] --END-- [ RunTime:0.003379s ]
INFO: [ app_begin ] --START--
INFO: Run Behavior\ReadHtmlCacheBehavior [ RunTime:0.000870s ]
INFO: [ app_begin ] --END-- [ RunTime:0.000930s ]

[ 2016-02-29T17:52:36+08:00 ] 127.0.0.1 /aladdin/root/admin.php?s=/member/index.html
INFO: [ app_init ] --START--
INFO: Run Behavior\BuildLiteBehavior [ RunTime:0.000024s ]
INFO: Run Common\Behavior\InitHookBehavior [ RunTime:0.005008s ]
INFO: [ app_init ] --END-- [ RunTime:0.005965s ]
INFO: [ app_begin ] --START--
INFO: Run Behavior\ReadHtmlCacheBehavior [ RunTime:0.000866s ]
INFO: [ app_begin ] --END-- [ RunTime:0.000931s ]

[ 2016-02-29T17:54:06+08:00 ] 127.0.0.1 /aladdin/root/admin.php?s=/member/index.html
INFO: [ app_init ] --START--
INFO: Run Behavior\BuildLiteBehavior [ RunTime:0.000016s ]
INFO: Run Common\Behavior\InitHookBehavior [ RunTime:0.002652s ]
INFO: [ app_init ] --END-- [ RunTime:0.003200s ]
INFO: [ app_begin ] --START--
INFO: Run Behavior\ReadHtmlCacheBehavior [ RunTime:0.001024s ]
INFO: [ app_begin ] --END-- [ RunTime:0.001087s ]

[ 2016-02-29T17:54:06+08:00 ] 127.0.0.1 /aladdin/root/admin.php?s=/public/login.html
INFO: [ app_init ] --START--
INFO: Run Behavior\BuildLiteBehavior [ RunTime:0.000015s ]
INFO: Run Common\Behavior\InitHookBehavior [ RunTime:0.003846s ]
INFO: [ app_init ] --END-- [ RunTime:0.004401s ]
INFO: [ app_begin ] --START--
INFO: Run Behavior\ReadHtmlCacheBehavior [ RunTime:0.000829s ]
INFO: [ app_begin ] --END-- [ RunTime:0.000886s ]

[ 2016-02-29T17:54:06+08:00 ] 127.0.0.1 /aladdin/root/admin.php?s=/public/verify.html
INFO: [ app_init ] --START--
INFO: Run Behavior\BuildLiteBehavior [ RunTime:0.000025s ]
INFO: Run Common\Behavior\InitHookBehavior [ RunTime:0.004541s ]
INFO: [ app_init ] --END-- [ RunTime:0.005348s ]
INFO: [ app_begin ] --START--
INFO: Run Behavior\ReadHtmlCacheBehavior [ RunTime:0.001293s ]
INFO: [ app_begin ] --END-- [ RunTime:0.001389s ]

[ 2016-02-29T17:54:20+08:00 ] 127.0.0.1 /aladdin/root/admin.php?s=/public/login.html
INFO: [ app_init ] --START--
INFO: Run Behavior\BuildLiteBehavior [ RunTime:0.000016s ]
INFO: Run Common\Behavior\InitHookBehavior [ RunTime:0.003905s ]
INFO: [ app_init ] --END-- [ RunTime:0.004481s ]
INFO: [ app_begin ] --START--
INFO: Run Behavior\ReadHtmlCacheBehavior [ RunTime:0.000849s ]
INFO: [ app_begin ] --END-- [ RunTime:0.000906s ]
SQL: SHOW COLUMNS FROM `t_member` [ RunTime:0.0128s ]
SQL: SELECT `uid`,`nickname`,`headimgurl`,`sex`,`birthday`,`qq`,`score`,`login`,`reg_ip`,`reg_time`,`last_login_ip`,`last_login_time`,`update_time`,`status` FROM `t_member` WHERE `uid` = 1 LIMIT 1   [ RunTime:0.0016s ]
SQL: SHOW COLUMNS FROM `t_action` [ RunTime:0.0166s ]
SQL: SELECT * FROM `t_action` WHERE `name` = 'user_login' LIMIT 1   [ RunTime:0.0051s ]
SQL: SHOW COLUMNS FROM `t_action_log` [ RunTime:0.0055s ]
SQL: INSERT INTO `t_action_log` (`action_id`,`user_id`,`action_ip`,`model`,`record_id`,`create_time`,`remark`) VALUES ('1','1','2130706433','member','1','1456739659','root在2016-02-29 17:54:19登录了后台') [ RunTime:0.0067s ]
SQL: SELECT * FROM `t_action` WHERE `name` = 'user_login' LIMIT 1   [ RunTime:0.0002s ]
NOTIC: [8] Undefined offset: 1 D:\amp\apache\htdocs\aladdin\Application\Common\Common\function.php 第 737 行.
NOTIC: [2] array_key_exists() expects parameter 2 to be array, null given D:\amp\apache\htdocs\aladdin\Application\Common\Common\function.php 第 737 行.
SQL: SELECT COUNT(*) AS tp_count FROM `t_action_log` WHERE `action_id` = 1 AND `user_id` = 1 AND `create_time` > 1456653259 LIMIT 1   [ RunTime:0.0005s ]
SQL: UPDATE `t_member` SET `login`=`login`+1,`last_login_time`='1456739659',`last_login_ip`='2130706433' WHERE `uid` = 1 [ RunTime:0.0040s ]

[ 2016-02-29T17:54:22+08:00 ] 127.0.0.1 /aladdin/root/admin.php?s=/index/index.html
INFO: [ app_init ] --START--
INFO: Run Behavior\BuildLiteBehavior [ RunTime:0.000085s ]
INFO: Run Common\Behavior\InitHookBehavior [ RunTime:0.007500s ]
INFO: [ app_init ] --END-- [ RunTime:0.010386s ]
INFO: [ app_begin ] --START--
INFO: Run Behavior\ReadHtmlCacheBehavior [ RunTime:0.000876s ]
INFO: [ app_begin ] --END-- [ RunTime:0.000939s ]

[ 2016-02-29T17:54:26+08:00 ] 127.0.0.1 /aladdin/root/admin.php?s=/member/index.html
INFO: [ app_init ] --START--
INFO: Run Behavior\BuildLiteBehavior [ RunTime:0.000028s ]
INFO: Run Common\Behavior\InitHookBehavior [ RunTime:0.016774s ]
INFO: [ app_init ] --END-- [ RunTime:0.017775s ]
INFO: [ app_begin ] --START--
INFO: Run Behavior\ReadHtmlCacheBehavior [ RunTime:0.000887s ]
INFO: [ app_begin ] --END-- [ RunTime:0.000955s ]

[ 2016-02-29T17:56:51+08:00 ] 127.0.0.1 /aladdin/root/admin.php?s=/member/index.html
INFO: [ app_init ] --START--
INFO: Run Behavior\BuildLiteBehavior [ RunTime:0.000255s ]
INFO: Run Common\Behavior\InitHookBehavior [ RunTime:0.004406s ]
INFO: [ app_init ] --END-- [ RunTime:0.006933s ]
INFO: [ app_begin ] --START--
INFO: Run Behavior\ReadHtmlCacheBehavior [ RunTime:0.000873s ]
INFO: [ app_begin ] --END-- [ RunTime:0.000938s ]

[ 2016-02-29T17:57:50+08:00 ] 127.0.0.1 /aladdin/root/admin.php?s=/member/index.html
INFO: [ app_init ] --START--
INFO: Run Behavior\BuildLiteBehavior [ RunTime:0.000016s ]
INFO: Run Common\Behavior\InitHookBehavior [ RunTime:0.004169s ]
INFO: [ app_init ] --END-- [ RunTime:0.004806s ]
INFO: [ app_begin ] --START--
INFO: Run Behavior\ReadHtmlCacheBehavior [ RunTime:0.000806s ]
INFO: [ app_begin ] --END-- [ RunTime:0.000876s ]

[ 2016-02-29T17:58:36+08:00 ] 127.0.0.1 /aladdin/root/admin.php?s=/member/index.html
INFO: [ app_init ] --START--
INFO: Run Behavior\BuildLiteBehavior [ RunTime:0.000016s ]
INFO: Run Common\Behavior\InitHookBehavior [ RunTime:0.002584s ]
INFO: [ app_init ] --END-- [ RunTime:0.003115s ]
INFO: [ app_begin ] --START--
INFO: Run Behavior\ReadHtmlCacheBehavior [ RunTime:0.001254s ]
INFO: [ app_begin ] --END-- [ RunTime:0.001327s ]

[ 2016-02-29T17:59:06+08:00 ] 127.0.0.1 /aladdin/root/admin.php?s=/member/index.html
INFO: [ app_init ] --START--
INFO: Run Behavior\BuildLiteBehavior [ RunTime:0.000015s ]
INFO: Run Common\Behavior\InitHookBehavior [ RunTime:0.003129s ]
INFO: [ app_init ] --END-- [ RunTime:0.003661s ]
INFO: [ app_begin ] --START--
INFO: Run Behavior\ReadHtmlCacheBehavior [ RunTime:0.001195s ]
INFO: [ app_begin ] --END-- [ RunTime:0.001275s ]

[ 2016-02-29T17:59:40+08:00 ] 127.0.0.1 /aladdin/root/admin.php?s=/member/index.html
INFO: [ app_init ] --START--
INFO: Run Behavior\BuildLiteBehavior [ RunTime:0.000017s ]
INFO: Run Common\Behavior\InitHookBehavior [ RunTime:0.002688s ]
INFO: [ app_init ] --END-- [ RunTime:0.003254s ]
INFO: [ app_begin ] --START--
INFO: Run Behavior\ReadHtmlCacheBehavior [ RunTime:0.000843s ]
INFO: [ app_begin ] --END-- [ RunTime:0.000898s ]

[ 2016-02-29T18:01:33+08:00 ] 127.0.0.1 /aladdin/root/admin.php?s=/member/index.html
INFO: [ app_init ] --START--
INFO: Run Behavior\BuildLiteBehavior [ RunTime:0.000017s ]
INFO: Run Common\Behavior\InitHookBehavior [ RunTime:0.003765s ]
INFO: [ app_init ] --END-- [ RunTime:0.004503s ]
INFO: [ app_begin ] --START--
INFO: Run Behavior\ReadHtmlCacheBehavior [ RunTime:0.000829s ]
INFO: [ app_begin ] --END-- [ RunTime:0.000893s ]

[ 2016-02-29T18:03:24+08:00 ] 127.0.0.1 /aladdin/root/admin.php?s=/member/index.html
INFO: [ app_init ] --START--
INFO: Run Behavior\BuildLiteBehavior [ RunTime:0.000017s ]
INFO: Run Common\Behavior\InitHookBehavior [ RunTime:0.002736s ]
INFO: [ app_init ] --END-- [ RunTime:0.003299s ]
INFO: [ app_begin ] --START--
INFO: Run Behavior\ReadHtmlCacheBehavior [ RunTime:0.000908s ]
INFO: [ app_begin ] --END-- [ RunTime:0.000976s ]

[ 2016-02-29T18:04:29+08:00 ] 127.0.0.1 /aladdin/root/admin.php?s=/member/index.html
INFO: [ app_init ] --START--
INFO: Run Behavior\BuildLiteBehavior [ RunTime:0.000026s ]
INFO: Run Common\Behavior\InitHookBehavior [ RunTime:0.003439s ]
INFO: [ app_init ] --END-- [ RunTime:0.004413s ]
INFO: [ app_begin ] --START--
INFO: Run Behavior\ReadHtmlCacheBehavior [ RunTime:0.000857s ]
INFO: [ app_begin ] --END-- [ RunTime:0.000916s ]

[ 2016-02-29T18:07:54+08:00 ] 127.0.0.1 /aladdin/root/admin.php?s=/member/index.html
INFO: [ app_init ] --START--
INFO: Run Behavior\BuildLiteBehavior [ RunTime:0.000017s ]
INFO: Run Common\Behavior\InitHookBehavior [ RunTime:0.002687s ]
INFO: [ app_init ] --END-- [ RunTime:0.003250s ]
INFO: [ app_begin ] --START--
INFO: Run Behavior\ReadHtmlCacheBehavior [ RunTime:0.001842s ]
INFO: [ app_begin ] --END-- [ RunTime:0.002016s ]

[ 2016-02-29T18:09:00+08:00 ] 127.0.0.1 /aladdin/root/admin.php?s=/member/index.html
INFO: [ app_init ] --START--
INFO: Run Behavior\BuildLiteBehavior [ RunTime:0.000021s ]
INFO: Run Common\Behavior\InitHookBehavior [ RunTime:0.003921s ]
INFO: [ app_init ] --END-- [ RunTime:0.004666s ]
INFO: [ app_begin ] --START--
INFO: Run Behavior\ReadHtmlCacheBehavior [ RunTime:0.000931s ]
INFO: [ app_begin ] --END-- [ RunTime:0.001000s ]

[ 2016-02-29T18:11:11+08:00 ] 127.0.0.1 /aladdin/root/admin.php?s=/member/index.html
INFO: [ app_init ] --START--
INFO: Run Behavior\BuildLiteBehavior [ RunTime:0.000017s ]
INFO: Run Common\Behavior\InitHookBehavior [ RunTime:0.002692s ]
INFO: [ app_init ] --END-- [ RunTime:0.003254s ]
INFO: [ app_begin ] --START--
INFO: Run Behavior\ReadHtmlCacheBehavior [ RunTime:0.001553s ]
INFO: [ app_begin ] --END-- [ RunTime:0.001649s ]

[ 2016-02-29T18:15:42+08:00 ] 127.0.0.1 /aladdin/root/admin.php?s=/member/index.html
INFO: [ app_init ] --START--
INFO: Run Behavior\BuildLiteBehavior [ RunTime:0.000018s ]
INFO: Run Common\Behavior\InitHookBehavior [ RunTime:0.002679s ]
INFO: [ app_init ] --END-- [ RunTime:0.003240s ]
INFO: [ app_begin ] --START--
INFO: Run Behavior\ReadHtmlCacheBehavior [ RunTime:0.001911s ]
INFO: [ app_begin ] --END-- [ RunTime:0.002036s ]

[ 2016-02-29T18:16:18+08:00 ] 127.0.0.1 /aladdin/root/admin.php?s=/member/index.html
INFO: [ app_init ] --START--
INFO: Run Behavior\BuildLiteBehavior [ RunTime:0.000024s ]
INFO: Run Common\Behavior\InitHookBehavior [ RunTime:0.005766s ]
INFO: [ app_init ] --END-- [ RunTime:0.006605s ]
INFO: [ app_begin ] --START--
INFO: Run Behavior\ReadHtmlCacheBehavior [ RunTime:0.001197s ]
INFO: [ app_begin ] --END-- [ RunTime:0.001290s ]

[ 2016-02-29T18:16:36+08:00 ] 127.0.0.1 /aladdin/root/admin.php?s=/member/index.html
INFO: [ app_init ] --START--
INFO: Run Behavior\BuildLiteBehavior [ RunTime:0.000021s ]
INFO: Run Common\Behavior\InitHookBehavior [ RunTime:0.004860s ]
INFO: [ app_init ] --END-- [ RunTime:0.005423s ]
INFO: [ app_begin ] --START--
INFO: Run Behavior\ReadHtmlCacheBehavior [ RunTime:0.000797s ]
INFO: [ app_begin ] --END-- [ RunTime:0.000869s ]

[ 2016-02-29T18:18:03+08:00 ] 127.0.0.1 /aladdin/root/admin.php?s=/member/index.html
INFO: [ app_init ] --START--
INFO: Run Behavior\BuildLiteBehavior [ RunTime:0.000025s ]
INFO: Run Common\Behavior\InitHookBehavior [ RunTime:0.004256s ]
INFO: [ app_init ] --END-- [ RunTime:0.005073s ]
INFO: [ app_begin ] --START--
INFO: Run Behavior\ReadHtmlCacheBehavior [ RunTime:0.001139s ]
INFO: [ app_begin ] --END-- [ RunTime:0.001307s ]

[ 2016-02-29T18:19:00+08:00 ] 127.0.0.1 /aladdin/root/admin.php?s=/member/index.html
INFO: [ app_init ] --START--
INFO: Run Behavior\BuildLiteBehavior [ RunTime:0.000021s ]
INFO: Run Common\Behavior\InitHookBehavior [ RunTime:0.009334s ]
INFO: [ app_init ] --END-- [ RunTime:0.010175s ]
INFO: [ app_begin ] --START--
INFO: Run Behavior\ReadHtmlCacheBehavior [ RunTime:0.008374s ]
INFO: [ app_begin ] --END-- [ RunTime:0.008517s ]

[ 2016-02-29T18:19:54+08:00 ] 127.0.0.1 /aladdin/root/admin.php?s=/member/index.html
INFO: [ app_init ] --START--
INFO: Run Behavior\BuildLiteBehavior [ RunTime:0.000020s ]
INFO: Run Common\Behavior\InitHookBehavior [ RunTime:0.002745s ]
INFO: [ app_init ] --END-- [ RunTime:0.003595s ]
INFO: [ app_begin ] --START--
INFO: Run Behavior\ReadHtmlCacheBehavior [ RunTime:0.000913s ]
INFO: [ app_begin ] --END-- [ RunTime:0.000972s ]

[ 2016-02-29T18:20:24+08:00 ] 127.0.0.1 /aladdin/root/admin.php?s=/member/index.html
INFO: [ app_init ] --START--
INFO: Run Behavior\BuildLiteBehavior [ RunTime:0.000017s ]
INFO: Run Common\Behavior\InitHookBehavior [ RunTime:0.002776s ]
INFO: [ app_init ] --END-- [ RunTime:0.003392s ]
INFO: [ app_begin ] --START--
INFO: Run Behavior\ReadHtmlCacheBehavior [ RunTime:0.000933s ]
INFO: [ app_begin ] --END-- [ RunTime:0.001000s ]

[ 2016-02-29T18:21:52+08:00 ] 127.0.0.1 /aladdin/root/admin.php?s=/member/index.html
INFO: [ app_init ] --START--
INFO: Run Behavior\BuildLiteBehavior [ RunTime:0.000017s ]
INFO: Run Common\Behavior\InitHookBehavior [ RunTime:0.002640s ]
INFO: [ app_init ] --END-- [ RunTime:0.003207s ]
INFO: [ app_begin ] --START--
INFO: Run Behavior\ReadHtmlCacheBehavior [ RunTime:0.000827s ]
INFO: [ app_begin ] --END-- [ RunTime:0.000895s ]

[ 2016-02-29T18:23:28+08:00 ] 127.0.0.1 /aladdin/root/admin.php?s=/member/index.html
INFO: [ app_init ] --START--
INFO: Run Behavior\BuildLiteBehavior [ RunTime:0.000017s ]
INFO: Run Common\Behavior\InitHookBehavior [ RunTime:0.003146s ]
INFO: [ app_init ] --END-- [ RunTime:0.003712s ]
INFO: [ app_begin ] --START--
INFO: Run Behavior\ReadHtmlCacheBehavior [ RunTime:0.000869s ]
INFO: [ app_begin ] --END-- [ RunTime:0.000933s ]

[ 2016-02-29T18:28:22+08:00 ] 127.0.0.1 /aladdin/root/admin.php?s=/member/index.html
INFO: [ app_init ] --START--
INFO: Run Behavior\BuildLiteBehavior [ RunTime:0.000016s ]
INFO: Run Common\Behavior\InitHookBehavior [ RunTime:0.002700s ]
INFO: [ app_init ] --END-- [ RunTime:0.003247s ]
INFO: [ app_begin ] --START--
INFO: Run Behavior\ReadHtmlCacheBehavior [ RunTime:0.001095s ]
INFO: [ app_begin ] --END-- [ RunTime:0.001175s ]

[ 2016-02-29T18:28:48+08:00 ] 127.0.0.1 /aladdin/root/admin.php?s=/member/index.html
INFO: [ app_init ] --START--
INFO: Run Behavior\BuildLiteBehavior [ RunTime:0.000015s ]
INFO: Run Common\Behavior\InitHookBehavior [ RunTime:0.003860s ]
INFO: [ app_init ] --END-- [ RunTime:0.004448s ]
INFO: [ app_begin ] --START--
INFO: Run Behavior\ReadHtmlCacheBehavior [ RunTime:0.000902s ]
INFO: [ app_begin ] --END-- [ RunTime:0.000966s ]

[ 2016-02-29T18:29:44+08:00 ] 127.0.0.1 /aladdin/root/admin.php?s=/member/index.html
INFO: [ app_init ] --START--
INFO: Run Behavior\BuildLiteBehavior [ RunTime:0.000016s ]
INFO: Run Common\Behavior\InitHookBehavior [ RunTime:0.002643s ]
INFO: [ app_init ] --END-- [ RunTime:0.003172s ]
INFO: [ app_begin ] --START--
INFO: Run Behavior\ReadHtmlCacheBehavior [ RunTime:0.000783s ]
INFO: [ app_begin ] --END-- [ RunTime:0.000837s ]

[ 2016-02-29T18:29:59+08:00 ] 127.0.0.1 /aladdin/root/admin.php?s=/member/index.html
INFO: [ app_init ] --START--
INFO: Run Behavior\BuildLiteBehavior [ RunTime:0.000024s ]
INFO: Run Common\Behavior\InitHookBehavior [ RunTime:0.004910s ]
INFO: [ app_init ] --END-- [ RunTime:0.005485s ]
INFO: [ app_begin ] --START--
INFO: Run Behavior\ReadHtmlCacheBehavior [ RunTime:0.001057s ]
INFO: [ app_begin ] --END-- [ RunTime:0.001136s ]

[ 2016-02-29T18:30:15+08:00 ] 127.0.0.1 /aladdin/root/admin.php?s=/member/index.html
INFO: [ app_init ] --START--
INFO: Run Behavior\BuildLiteBehavior [ RunTime:0.000017s ]
INFO: Run Common\Behavior\InitHookBehavior [ RunTime:0.003968s ]
INFO: [ app_init ] --END-- [ RunTime:0.004757s ]
INFO: [ app_begin ] --START--
INFO: Run Behavior\ReadHtmlCacheBehavior [ RunTime:0.003516s ]
INFO: [ app_begin ] --END-- [ RunTime:0.003644s ]

[ 2016-02-29T18:31:08+08:00 ] 127.0.0.1 /aladdin/root/admin.php?s=/member/index.html
INFO: [ app_init ] --START--
INFO: Run Behavior\BuildLiteBehavior [ RunTime:0.000019s ]
INFO: Run Common\Behavior\InitHookBehavior [ RunTime:0.005437s ]
INFO: [ app_init ] --END-- [ RunTime:0.006140s ]
INFO: [ app_begin ] --START--
INFO: Run Behavior\ReadHtmlCacheBehavior [ RunTime:0.000808s ]
INFO: [ app_begin ] --END-- [ RunTime:0.000873s ]

[ 2016-02-29T18:31:37+08:00 ] 127.0.0.1 /aladdin/root/admin.php?s=/member/index.html
INFO: [ app_init ] --START--
INFO: Run Behavior\BuildLiteBehavior [ RunTime:0.000016s ]
INFO: Run Common\Behavior\InitHookBehavior [ RunTime:0.003592s ]
INFO: [ app_init ] --END-- [ RunTime:0.004145s ]
INFO: [ app_begin ] --START--
INFO: Run Behavior\ReadHtmlCacheBehavior [ RunTime:0.000900s ]
INFO: [ app_begin ] --END-- [ RunTime:0.000965s ]

[ 2016-02-29T18:36:53+08:00 ] 127.0.0.1 /aladdin/root/admin.php?s=/member/index.html
INFO: [ app_init ] --START--
INFO: Run Behavior\BuildLiteBehavior [ RunTime:0.000017s ]
INFO: Run Common\Behavior\InitHookBehavior [ RunTime:0.002604s ]
INFO: [ app_init ] --END-- [ RunTime:0.003138s ]
INFO: [ app_begin ] --START--
INFO: Run Behavior\ReadHtmlCacheBehavior [ RunTime:0.001301s ]
INFO: [ app_begin ] --END-- [ RunTime:0.001427s ]

[ 2016-02-29T18:37:22+08:00 ] 127.0.0.1 /aladdin/root/admin.php?s=/member/index.html
INFO: [ app_init ] --START--
INFO: Run Behavior\BuildLiteBehavior [ RunTime:0.000016s ]
INFO: Run Common\Behavior\InitHookBehavior [ RunTime:0.002730s ]
INFO: [ app_init ] --END-- [ RunTime:0.003300s ]
INFO: [ app_begin ] --START--
INFO: Run Behavior\ReadHtmlCacheBehavior [ RunTime:0.000887s ]
INFO: [ app_begin ] --END-- [ RunTime:0.000964s ]

[ 2016-02-29T18:37:27+08:00 ] 127.0.0.1 /aladdin/root/admin.php?s=/member/index.html
INFO: [ app_init ] --START--
INFO: Run Behavior\BuildLiteBehavior [ RunTime:0.000017s ]
INFO: Run Common\Behavior\InitHookBehavior [ RunTime:0.002711s ]
INFO: [ app_init ] --END-- [ RunTime:0.003369s ]
INFO: [ app_begin ] --START--
INFO: Run Behavior\ReadHtmlCacheBehavior [ RunTime:0.001066s ]
INFO: [ app_begin ] --END-- [ RunTime:0.001347s ]

[ 2016-02-29T18:38:18+08:00 ] 127.0.0.1 /aladdin/root/admin.php?s=/member/index.html
INFO: [ app_init ] --START--
INFO: Run Behavior\BuildLiteBehavior [ RunTime:0.000015s ]
INFO: Run Common\Behavior\InitHookBehavior [ RunTime:0.003178s ]
INFO: [ app_init ] --END-- [ RunTime:0.003733s ]
INFO: [ app_begin ] --START--
INFO: Run Behavior\ReadHtmlCacheBehavior [ RunTime:0.001114s ]
INFO: [ app_begin ] --END-- [ RunTime:0.001183s ]

[ 2016-02-29T18:39:14+08:00 ] 127.0.0.1 /aladdin/root/admin.php?s=/member/index.html
INFO: [ app_init ] --START--
INFO: Run Behavior\BuildLiteBehavior [ RunTime:0.000029s ]
INFO: Run Common\Behavior\InitHookBehavior [ RunTime:0.004002s ]
INFO: [ app_init ] --END-- [ RunTime:0.005152s ]
INFO: [ app_begin ] --START--
INFO: Run Behavior\ReadHtmlCacheBehavior [ RunTime:0.001429s ]
INFO: [ app_begin ] --END-- [ RunTime:0.001531s ]

[ 2016-02-29T18:40:00+08:00 ] 127.0.0.1 /aladdin/root/admin.php?s=/member/index.html
INFO: [ app_init ] --START--
INFO: Run Behavior\BuildLiteBehavior [ RunTime:0.000016s ]
INFO: Run Common\Behavior\InitHookBehavior [ RunTime:0.002859s ]
INFO: [ app_init ] --END-- [ RunTime:0.003395s ]
INFO: [ app_begin ] --START--
INFO: Run Behavior\ReadHtmlCacheBehavior [ RunTime:0.001792s ]
INFO: [ app_begin ] --END-- [ RunTime:0.001889s ]

[ 2016-02-29T18:40:16+08:00 ] 127.0.0.1 /aladdin/root/admin.php?s=/member/index.html
INFO: [ app_init ] --START--
INFO: Run Behavior\BuildLiteBehavior [ RunTime:0.000016s ]
INFO: Run Common\Behavior\InitHookBehavior [ RunTime:0.002714s ]
INFO: [ app_init ] --END-- [ RunTime:0.003263s ]
INFO: [ app_begin ] --START--
INFO: Run Behavior\ReadHtmlCacheBehavior [ RunTime:0.001217s ]
INFO: [ app_begin ] --END-- [ RunTime:0.001442s ]

[ 2016-02-29T18:40:51+08:00 ] 127.0.0.1 /aladdin/root/admin.php?s=/user/paasusers.html
INFO: [ app_init ] --START--
INFO: Run Behavior\BuildLiteBehavior [ RunTime:0.000017s ]
INFO: Run Common\Behavior\InitHookBehavior [ RunTime:0.003305s ]
INFO: [ app_init ] --END-- [ RunTime:0.003884s ]
INFO: [ app_begin ] --START--
INFO: Run Behavior\ReadHtmlCacheBehavior [ RunTime:0.000892s ]
INFO: [ app_begin ] --END-- [ RunTime:0.000957s ]

[ 2016-02-29T18:40:55+08:00 ] 127.0.0.1 /aladdin/root/admin.php?s=/user/paasuview/id/30.html
INFO: [ app_init ] --START--
INFO: Run Behavior\BuildLiteBehavior [ RunTime:0.000028s ]
INFO: Run Common\Behavior\InitHookBehavior [ RunTime:0.003955s ]
INFO: [ app_init ] --END-- [ RunTime:0.004889s ]
INFO: [ app_begin ] --START--
INFO: Run Behavior\ReadHtmlCacheBehavior [ RunTime:0.001272s ]
INFO: [ app_begin ] --END-- [ RunTime:0.001361s ]

[ 2016-02-29T18:42:23+08:00 ] 127.0.0.1 /aladdin/root/admin.php?s=/member/index.html
INFO: [ app_init ] --START--
INFO: Run Behavior\BuildLiteBehavior [ RunTime:0.000017s ]
INFO: Run Common\Behavior\InitHookBehavior [ RunTime:0.002884s ]
INFO: [ app_init ] --END-- [ RunTime:0.003456s ]
INFO: [ app_begin ] --START--
INFO: Run Behavior\ReadHtmlCacheBehavior [ RunTime:0.000884s ]
INFO: [ app_begin ] --END-- [ RunTime:0.000951s ]

[ 2016-02-29T18:43:22+08:00 ] 127.0.0.1 /aladdin/root/admin.php?s=/member/index.html
INFO: [ app_init ] --START--
INFO: Run Behavior\BuildLiteBehavior [ RunTime:0.000018s ]
INFO: Run Common\Behavior\InitHookBehavior [ RunTime:0.002686s ]
INFO: [ app_init ] --END-- [ RunTime:0.003262s ]
INFO: [ app_begin ] --START--
INFO: Run Behavior\ReadHtmlCacheBehavior [ RunTime:0.000957s ]
INFO: [ app_begin ] --END-- [ RunTime:0.001021s ]

[ 2016-02-29T18:44:34+08:00 ] 127.0.0.1 /aladdin/root/admin.php?s=/member/index.html
INFO: [ app_init ] --START--
INFO: Run Behavior\BuildLiteBehavior [ RunTime:0.000016s ]
INFO: Run Common\Behavior\InitHookBehavior [ RunTime:0.002636s ]
INFO: [ app_init ] --END-- [ RunTime:0.003173s ]
INFO: [ app_begin ] --START--
INFO: Run Behavior\ReadHtmlCacheBehavior [ RunTime:0.001242s ]
INFO: [ app_begin ] --END-- [ RunTime:0.001348s ]

[ 2016-02-29T18:47:21+08:00 ] 127.0.0.1 /aladdin/root/admin.php?s=/member/index.html
INFO: [ app_init ] --START--
INFO: Run Behavior\BuildLiteBehavior [ RunTime:0.000018s ]
INFO: Run Common\Behavior\InitHookBehavior [ RunTime:0.002840s ]
INFO: [ app_init ] --END-- [ RunTime:0.003425s ]
INFO: [ app_begin ] --START--
INFO: Run Behavior\ReadHtmlCacheBehavior [ RunTime:0.000931s ]
INFO: [ app_begin ] --END-- [ RunTime:0.000998s ]

[ 2016-02-29T18:47:59+08:00 ] 127.0.0.1 /aladdin/root/admin.php?s=/member/index.html
INFO: [ app_init ] --START--
INFO: Run Behavior\BuildLiteBehavior [ RunTime:0.000017s ]
INFO: Run Common\Behavior\InitHookBehavior [ RunTime:0.007743s ]
INFO: [ app_init ] --END-- [ RunTime:0.008322s ]
INFO: [ app_begin ] --START--
INFO: Run Behavior\ReadHtmlCacheBehavior [ RunTime:0.002858s ]
INFO: [ app_begin ] --END-- [ RunTime:0.003049s ]

[ 2016-02-29T18:49:04+08:00 ] 127.0.0.1 /aladdin/root/admin.php?s=/member/index.html
INFO: [ app_init ] --START--
INFO: Run Behavior\BuildLiteBehavior [ RunTime:0.000018s ]
INFO: Run Common\Behavior\InitHookBehavior [ RunTime:0.003286s ]
INFO: [ app_init ] --END-- [ RunTime:0.003891s ]
INFO: [ app_begin ] --START--
INFO: Run Behavior\ReadHtmlCacheBehavior [ RunTime:0.001054s ]
INFO: [ app_begin ] --END-- [ RunTime:0.001141s ]

[ 2016-02-29T18:50:23+08:00 ] 127.0.0.1 /aladdin/root/admin.php?s=/member/index.html
INFO: [ app_init ] --START--
INFO: Run Behavior\BuildLiteBehavior [ RunTime:0.000025s ]
INFO: Run Common\Behavior\InitHookBehavior [ RunTime:0.003771s ]
INFO: [ app_init ] --END-- [ RunTime:0.004604s ]
INFO: [ app_begin ] --START--
INFO: Run Behavior\ReadHtmlCacheBehavior [ RunTime:0.001332s ]
INFO: [ app_begin ] --END-- [ RunTime:0.001428s ]

[ 2016-02-29T18:52:03+08:00 ] 127.0.0.1 /aladdin/root/admin.php?s=/member/index.html
INFO: [ app_init ] --START--
INFO: Run Behavior\BuildLiteBehavior [ RunTime:0.000017s ]
INFO: Run Common\Behavior\InitHookBehavior [ RunTime:0.002713s ]
INFO: [ app_init ] --END-- [ RunTime:0.003269s ]
INFO: [ app_begin ] --START--
INFO: Run Behavior\ReadHtmlCacheBehavior [ RunTime:0.000895s ]
INFO: [ app_begin ] --END-- [ RunTime:0.000961s ]

[ 2016-02-29T18:52:31+08:00 ] 127.0.0.1 /aladdin/root/admin.php?s=/member/index.html
INFO: [ app_init ] --START--
INFO: Run Behavior\BuildLiteBehavior [ RunTime:0.000018s ]
INFO: Run Common\Behavior\InitHookBehavior [ RunTime:0.002640s ]
INFO: [ app_init ] --END-- [ RunTime:0.003182s ]
INFO: [ app_begin ] --START--
INFO: Run Behavior\ReadHtmlCacheBehavior [ RunTime:0.000896s ]
INFO: [ app_begin ] --END-- [ RunTime:0.000967s ]

[ 2016-02-29T19:02:22+08:00 ] 127.0.0.1 /aladdin/root/admin.php?s=/member/index.html
INFO: [ app_init ] --START--
INFO: Run Behavior\BuildLiteBehavior [ RunTime:0.000017s ]
INFO: Run Common\Behavior\InitHookBehavior [ RunTime:0.002677s ]
INFO: [ app_init ] --END-- [ RunTime:0.003262s ]
INFO: [ app_begin ] --START--
INFO: Run Behavior\ReadHtmlCacheBehavior [ RunTime:0.000792s ]
INFO: [ app_begin ] --END-- [ RunTime:0.000846s ]

[ 2016-02-29T19:02:40+08:00 ] 127.0.0.1 /aladdin/root/admin.php?s=/member/index.html
INFO: [ app_init ] --START--
INFO: Run Behavior\BuildLiteBehavior [ RunTime:0.000018s ]
INFO: Run Common\Behavior\InitHookBehavior [ RunTime:0.003130s ]
INFO: [ app_init ] --END-- [ RunTime:0.003907s ]
INFO: [ app_begin ] --START--
INFO: Run Behavior\ReadHtmlCacheBehavior [ RunTime:0.000949s ]
INFO: [ app_begin ] --END-- [ RunTime:0.001062s ]

[ 2016-02-29T19:03:44+08:00 ] 127.0.0.1 /aladdin/root/admin.php?s=/member/index.html
INFO: [ app_init ] --START--
INFO: Run Behavior\BuildLiteBehavior [ RunTime:0.000017s ]
INFO: Run Common\Behavior\InitHookBehavior [ RunTime:0.002580s ]
INFO: [ app_init ] --END-- [ RunTime:0.003124s ]
INFO: [ app_begin ] --START--
INFO: Run Behavior\ReadHtmlCacheBehavior [ RunTime:0.000956s ]
INFO: [ app_begin ] --END-- [ RunTime:0.001025s ]
ERR: SQLSTATE[42S02]: Base table or view not found: 1146 Table 'aladdin.t_wx_user' doesn't exist

[ 2016-02-29T19:14:56+08:00 ] 127.0.0.1 /aladdin/root/admin.php?s=/public/login.html
INFO: [ app_init ] --START--
INFO: Run Behavior\BuildLiteBehavior [ RunTime:0.000023s ]
INFO: Run Common\Behavior\InitHookBehavior [ RunTime:0.003534s ]
INFO: [ app_init ] --END-- [ RunTime:0.004188s ]
INFO: [ app_begin ] --START--
INFO: Run Behavior\ReadHtmlCacheBehavior [ RunTime:0.001357s ]
INFO: [ app_begin ] --END-- [ RunTime:0.001515s ]

[ 2016-02-29T19:14:57+08:00 ] 127.0.0.1 /aladdin/root/admin.php?s=/index/index.html
INFO: [ app_init ] --START--
INFO: Run Behavior\BuildLiteBehavior [ RunTime:0.000023s ]
INFO: Run Common\Behavior\InitHookBehavior [ RunTime:0.003703s ]
INFO: [ app_init ] --END-- [ RunTime:0.004303s ]
INFO: [ app_begin ] --START--
INFO: Run Behavior\ReadHtmlCacheBehavior [ RunTime:0.001445s ]
INFO: [ app_begin ] --END-- [ RunTime:0.001522s ]

[ 2016-02-29T19:28:31+08:00 ] 127.0.0.1 /aladdin/root/admin.php?s=/member/index.html
INFO: [ app_init ] --START--
INFO: Run Behavior\BuildLiteBehavior [ RunTime:0.000017s ]
INFO: Run Common\Behavior\InitHookBehavior [ RunTime:0.002963s ]
INFO: [ app_init ] --END-- [ RunTime:0.003533s ]
INFO: [ app_begin ] --START--
INFO: Run Behavior\ReadHtmlCacheBehavior [ RunTime:0.002322s ]
INFO: [ app_begin ] --END-- [ RunTime:0.002409s ]

[ 2016-02-29T19:31:41+08:00 ] 127.0.0.1 /aladdin/root/admin.php?s=/member/index.html
INFO: [ app_init ] --START--
INFO: Run Behavior\BuildLiteBehavior [ RunTime:0.000017s ]
INFO: Run Common\Behavior\InitHookBehavior [ RunTime:0.002677s ]
INFO: [ app_init ] --END-- [ RunTime:0.003231s ]
INFO: [ app_begin ] --START--
INFO: Run Behavior\ReadHtmlCacheBehavior [ RunTime:0.000965s ]
INFO: [ app_begin ] --END-- [ RunTime:0.001031s ]

[ 2016-02-29T19:50:36+08:00 ] 127.0.0.1 /aladdin/root/admin.php?s=/member/index.html
INFO: [ app_init ] --START--
INFO: Run Behavior\BuildLiteBehavior [ RunTime:0.000018s ]
INFO: Run Common\Behavior\InitHookBehavior [ RunTime:0.002660s ]
INFO: [ app_init ] --END-- [ RunTime:0.003227s ]
INFO: [ app_begin ] --START--
INFO: Run Behavior\ReadHtmlCacheBehavior [ RunTime:0.000925s ]
INFO: [ app_begin ] --END-- [ RunTime:0.000994s ]
ERR: SQLSTATE[42000]: Syntax error or access violation: 1064 You have an error in your SQL syntax; check the manual that corresponds to your MySQL server version for the right syntax to use near 'FROM t_user u left JOIN t_wx_user ua on ua.mqID = u.id  ORDER BY id desc LIMIT 0' at line 1

[ 2016-02-29T20:07:54+08:00 ] 127.0.0.1 /aladdin/root/admin.php?s=/member/index.html
INFO: [ app_init ] --START--
INFO: Run Behavior\BuildLiteBehavior [ RunTime:0.000016s ]
INFO: Run Common\Behavior\InitHookBehavior [ RunTime:0.002913s ]
INFO: [ app_init ] --END-- [ RunTime:0.003487s ]
INFO: [ app_begin ] --START--
INFO: Run Behavior\ReadHtmlCacheBehavior [ RunTime:0.000903s ]
INFO: [ app_begin ] --END-- [ RunTime:0.000967s ]
ERR: SQLSTATE[23000]: Integrity constraint violation: 1052 Column 'id' in order clause is ambiguous

[ 2016-02-29T20:09:21+08:00 ] 127.0.0.1 /aladdin/root/admin.php?s=/member/index.html
INFO: [ app_init ] --START--
INFO: Run Behavior\BuildLiteBehavior [ RunTime:0.000016s ]
INFO: Run Common\Behavior\InitHookBehavior [ RunTime:0.002768s ]
INFO: [ app_init ] --END-- [ RunTime:0.003348s ]
INFO: [ app_begin ] --START--
INFO: Run Behavior\ReadHtmlCacheBehavior [ RunTime:0.000904s ]
INFO: [ app_begin ] --END-- [ RunTime:0.000968s ]

[ 2016-02-29T20:09:53+08:00 ] 127.0.0.1 /aladdin/root/admin.php?s=/member/index.html
INFO: [ app_init ] --START--
INFO: Run Behavior\BuildLiteBehavior [ RunTime:0.000015s ]
INFO: Run Common\Behavior\InitHookBehavior [ RunTime:0.003172s ]
INFO: [ app_init ] --END-- [ RunTime:0.003732s ]
INFO: [ app_begin ] --START--
INFO: Run Behavior\ReadHtmlCacheBehavior [ RunTime:0.001256s ]
INFO: [ app_begin ] --END-- [ RunTime:0.001335s ]

[ 2016-02-29T20:10:48+08:00 ] 127.0.0.1 /aladdin/root/admin.php?s=/member/index.html
INFO: [ app_init ] --START--
INFO: Run Behavior\BuildLiteBehavior [ RunTime:0.000016s ]
INFO: Run Common\Behavior\InitHookBehavior [ RunTime:0.002586s ]
INFO: [ app_init ] --END-- [ RunTime:0.003116s ]
INFO: [ app_begin ] --START--
INFO: Run Behavior\ReadHtmlCacheBehavior [ RunTime:0.000905s ]
INFO: [ app_begin ] --END-- [ RunTime:0.000974s ]

[ 2016-02-29T23:58:06+08:00 ] 127.0.0.1 /aladdin/root/admin.php?s=/public/login.html
INFO: [ app_init ] --START--
INFO: Run Behavior\BuildLiteBehavior [ RunTime:0.000019s ]
INFO: Run Common\Behavior\InitHookBehavior [ RunTime:0.005266s ]
INFO: [ app_init ] --END-- [ RunTime:0.006426s ]
INFO: [ app_begin ] --START--
INFO: Run Behavior\ReadHtmlCacheBehavior [ RunTime:0.001084s ]
INFO: [ app_begin ] --END-- [ RunTime:0.001151s ]

[ 2016-02-29T23:58:06+08:00 ] 127.0.0.1 /aladdin/root/admin.php?s=/public/verify.html
INFO: [ app_init ] --START--
INFO: Run Behavior\BuildLiteBehavior [ RunTime:0.000024s ]
INFO: Run Common\Behavior\InitHookBehavior [ RunTime:0.003728s ]
INFO: [ app_init ] --END-- [ RunTime:0.004499s ]
INFO: [ app_begin ] --START--
INFO: Run Behavior\ReadHtmlCacheBehavior [ RunTime:0.001160s ]
INFO: [ app_begin ] --END-- [ RunTime:0.001246s ]

[ 2016-02-29T23:58:30+08:00 ] 127.0.0.1 /aladdin/root/admin.php?s=/public/login.html
INFO: [ app_init ] --START--
INFO: Run Behavior\BuildLiteBehavior [ RunTime:0.000023s ]
INFO: Run Common\Behavior\InitHookBehavior [ RunTime:0.003617s ]
INFO: [ app_init ] --END-- [ RunTime:0.004362s ]
INFO: [ app_begin ] --START--
INFO: Run Behavior\ReadHtmlCacheBehavior [ RunTime:0.000852s ]
INFO: [ app_begin ] --END-- [ RunTime:0.000910s ]

[ 2016-02-29T23:58:30+08:00 ] 127.0.0.1 /aladdin/root/admin.php?s=/public/verify.html&random=0.8680364659521729
INFO: [ app_init ] --START--
INFO: Run Behavior\BuildLiteBehavior [ RunTime:0.000023s ]
INFO: Run Common\Behavior\InitHookBehavior [ RunTime:0.003156s ]
INFO: [ app_init ] --END-- [ RunTime:0.003860s ]
INFO: [ app_begin ] --START--
INFO: Run Behavior\ReadHtmlCacheBehavior [ RunTime:0.001389s ]
INFO: [ app_begin ] --END-- [ RunTime:0.001478s ]

[ 2016-02-29T23:58:56+08:00 ] 127.0.0.1 /aladdin/root/admin.php?s=/public/login.html
INFO: [ app_init ] --START--
INFO: Run Behavior\BuildLiteBehavior [ RunTime:0.000017s ]
INFO: Run Common\Behavior\InitHookBehavior [ RunTime:0.002601s ]
INFO: [ app_init ] --END-- [ RunTime:0.003161s ]
INFO: [ app_begin ] --START--
INFO: Run Behavior\ReadHtmlCacheBehavior [ RunTime:0.000807s ]
INFO: [ app_begin ] --END-- [ RunTime:0.000866s ]
SQL: SHOW COLUMNS FROM `t_member` [ RunTime:0.0093s ]
SQL: SELECT `uid`,`nickname`,`headimgurl`,`sex`,`birthday`,`qq`,`score`,`login`,`reg_ip`,`reg_time`,`last_login_ip`,`last_login_time`,`update_time`,`status` FROM `t_member` WHERE `uid` = 1 LIMIT 1   [ RunTime:0.0013s ]
SQL: SHOW COLUMNS FROM `t_action` [ RunTime:0.0079s ]
SQL: SELECT * FROM `t_action` WHERE `name` = 'user_login' LIMIT 1   [ RunTime:0.0007s ]
SQL: SHOW COLUMNS FROM `t_action_log` [ RunTime:0.0079s ]
SQL: INSERT INTO `t_action_log` (`action_id`,`user_id`,`action_ip`,`model`,`record_id`,`create_time`,`remark`) VALUES ('1','1','2130706433','member','1','1456761534','root在2016-02-29 23:58:54登录了后台') [ RunTime:0.0060s ]
SQL: SELECT * FROM `t_action` WHERE `name` = 'user_login' LIMIT 1   [ RunTime:0.0006s ]
NOTIC: [8] Undefined offset: 1 D:\amp\apache\htdocs\aladdin\Application\Common\Common\function.php 第 737 行.
NOTIC: [2] array_key_exists() expects parameter 2 to be array, null given D:\amp\apache\htdocs\aladdin\Application\Common\Common\function.php 第 737 行.
SQL: SELECT COUNT(*) AS tp_count FROM `t_action_log` WHERE `action_id` = 1 AND `user_id` = 1 AND `create_time` > 1456675134 LIMIT 1   [ RunTime:0.0013s ]
SQL: UPDATE `t_member` SET `login`=`login`+1,`last_login_time`='1456761534',`last_login_ip`='2130706433' WHERE `uid` = 1 [ RunTime:0.0046s ]

[ 2016-02-29T23:58:58+08:00 ] 127.0.0.1 /aladdin/root/admin.php?s=/index/index.html
INFO: [ app_init ] --START--
INFO: Run Behavior\BuildLiteBehavior [ RunTime:0.000024s ]
INFO: Run Common\Behavior\InitHookBehavior [ RunTime:0.003856s ]
INFO: [ app_init ] --END-- [ RunTime:0.004695s ]
INFO: [ app_begin ] --START--
INFO: Run Behavior\ReadHtmlCacheBehavior [ RunTime:0.000820s ]
INFO: [ app_begin ] --END-- [ RunTime:0.000885s ]

[ 2016-02-29T23:59:16+08:00 ] 127.0.0.1 /aladdin/root/admin.php?s=/member/index.html
INFO: [ app_init ] --START--
INFO: Run Behavior\BuildLiteBehavior [ RunTime:0.000017s ]
INFO: Run Common\Behavior\InitHookBehavior [ RunTime:0.002569s ]
INFO: [ app_init ] --END-- [ RunTime:0.003131s ]
INFO: [ app_begin ] --START--
INFO: Run Behavior\ReadHtmlCacheBehavior [ RunTime:0.001039s ]
INFO: [ app_begin ] --END-- [ RunTime:0.001169s ]

